<?xml version="1.0" encoding="UTF-8"?>
<!-- Generated by org.testng.reporters.JUnitReportReporter -->
<testsuite hostname="LAPTOP-MTFJEHHC" failures="0" tests="3" name="com.easybix.Issue.CreateIssue" time="21.790" errors="0" timestamp="06 Apr 2018 07:17:23 GMT" skipped="0">
  <testcase classname="com.easybix.Issue.CreateIssue" name="createIssue" time="7.462"/>
  <testcase classname="com.easybix.Issue.CreateIssue" name="createIssue" time="7.108"/>
  <testcase classname="com.easybix.Issue.CreateIssue" name="createIssue" time="7.220"/>
</testsuite> <!-- com.easybix.Issue.CreateIssue -->
