<?xml version="1.0" encoding="UTF-8"?>
<!-- Generated by org.testng.reporters.JUnitReportReporter -->
<testsuite hostname="LAPTOP-MTFJEHHC" failures="0" tests="3" name="com.jira.JIRACreateIssueSmokeTest" time="78.299" errors="0" timestamp="08 Apr 2018 10:45:24 GMT" skipped="0">
  <testcase classname="com.jira.JIRACreateIssueSmokeTest" name="createIssue" time="26.157"/>
  <testcase classname="com.jira.JIRACreateIssueSmokeTest" name="createIssue" time="26.047"/>
  <testcase classname="com.jira.JIRACreateIssueSmokeTest" name="createIssue" time="26.095"/>
</testsuite> <!-- com.jira.JIRACreateIssueSmokeTest -->
