<?xml version="1.0" encoding="UTF-8"?>
<!-- Generated by org.testng.reporters.JUnitReportReporter -->
<testsuite skipped="0" hostname="LAPTOP-MTFJEHHC" name="MAVENModule.GSONPractice.JsonTest" tests="1" failures="0" timestamp="06 May 2018 03:53:54 GMT" time="0.065" errors="0">
  <testcase name="createJsonObj" time="0.065" classname="MAVENModule.GSONPractice.JsonTest"/>
</testsuite> <!-- MAVENModule.GSONPractice.JsonTest -->
