<?xml version="1.0" encoding="UTF-8"?>
<!-- Generated by org.testng.reporters.JUnitReportReporter -->
<testsuite skipped="0" hostname="LAPTOP-MTFJEHHC" name="MAVENModule.GSONPractice.EtsyJSONDeserialize" tests="1" failures="0" timestamp="17 May 2018 05:29:54 GMT" time="0.340" errors="0">
  <testcase name="deserializeJson" time="0.340" classname="MAVENModule.GSONPractice.EtsyJSONDeserialize"/>
</testsuite> <!-- MAVENModule.GSONPractice.EtsyJSONDeserialize -->
