<?xml version="1.0" encoding="UTF-8"?>
<!-- Generated by org.testng.reporters.JUnitReportReporter -->
<testsuite skipped="0" hostname="LAPTOP-MTFJEHHC" name="MAVENModule.GSONPractice.EtsyJSONDeserialize" tests="1" failures="0" timestamp="01 Mar 2019 04:07:49 GMT" time="0.271" errors="0">
  <testcase name="deserializeJsonAndGenerateReports" time="0.271" classname="MAVENModule.GSONPractice.EtsyJSONDeserialize"/>
</testsuite> <!-- MAVENModule.GSONPractice.EtsyJSONDeserialize -->
