<?xml version="1.0" encoding="UTF-8"?>
<!-- Generated by org.testng.reporters.JUnitReportReporter -->
<testsuite skipped="0" hostname="LAPTOP-MTFJEHHC" name="MAVENModule.GSONPractice.TweetInfoJsonTest" tests="1" failures="0" timestamp="17 May 2018 07:06:02 GMT" time="0.063" errors="0">
  <testcase name="createJsonObj" time="0.063" classname="MAVENModule.GSONPractice.TweetInfoJsonTest"/>
</testsuite> <!-- MAVENModule.GSONPractice.TweetInfoJsonTest -->
