<?xml version="1.0" encoding="UTF-8"?>
<!-- Generated by org.testng.reporters.JUnitReportReporter -->
<testsuite skipped="0" hostname="LAPTOP-MTFJEHHC" name="MAVENModule.GSONPractice.EtsyJSONDeserialize" tests="1" failures="0" timestamp="23 May 2018 07:42:12 GMT" time="0.109" errors="0">
  <testcase name="deserializeJson" time="0.109" classname="MAVENModule.GSONPractice.EtsyJSONDeserialize"/>
</testsuite> <!-- MAVENModule.GSONPractice.EtsyJSONDeserialize -->
