<?xml version="1.0" encoding="UTF-8"?>
<!-- Generated by org.testng.reporters.JUnitReportReporter -->
<testsuite skipped="0" hostname="LAPTOP-MTFJEHHC" name="MAVENModule.GSONPractice.JIRACreateJSON" tests="1" failures="0" timestamp="01 May 2018 06:01:33 GMT" time="0.085" errors="0">
  <testcase name="test01" time="0.085" classname="MAVENModule.GSONPractice.JIRACreateJSON"/>
</testsuite> <!-- MAVENModule.GSONPractice.JIRACreateJSON -->
