<?xml version="1.0" encoding="UTF-8"?>
<!-- Generated by org.testng.reporters.JUnitReportReporter -->
<testsuite skipped="0" hostname="LAPTOP-MTFJEHHC" name="MAVENModule.GSONPractice.EtsyJSONDeserialize" tests="1" failures="0" timestamp="23 May 2018 23:15:54 GMT" time="0.134" errors="0">
  <testcase name="deserializeJsonAndGenerateReports" time="0.134" classname="MAVENModule.GSONPractice.EtsyJSONDeserialize"/>
</testsuite> <!-- MAVENModule.GSONPractice.EtsyJSONDeserialize -->
