<?xml version="1.0" encoding="UTF-8"?>
<!-- Generated by org.testng.reporters.JUnitReportReporter -->
<testsuite skipped="0" hostname="LAPTOP-MTFJEHHC" name="MAVENModule.GSONPractice.EtsyJSONSerialize" tests="1" failures="0" timestamp="17 May 2018 07:04:35 GMT" time="0.205" errors="0">
  <testcase name="test01" time="0.205" classname="MAVENModule.GSONPractice.EtsyJSONSerialize"/>
</testsuite> <!-- MAVENModule.GSONPractice.EtsyJSONSerialize -->
