<?xml version="1.0" encoding="UTF-8"?>
<!-- Generated by org.testng.reporters.JUnitReportReporter -->
<testsuite skipped="0" hostname="LAPTOP-MTFJEHHC" name="MAVENModule.GSONPractice.EtsyGetPurchasesJSON" tests="1" failures="0" timestamp="01 May 2018 08:00:07 GMT" time="0.091" errors="0">
  <testcase name="test01" time="0.091" classname="MAVENModule.GSONPractice.EtsyGetPurchasesJSON"/>
</testsuite> <!-- MAVENModule.GSONPractice.EtsyGetPurchasesJSON -->
