<?xml version="1.0" encoding="UTF-8"?>
<!-- Generated by org.testng.reporters.JUnitReportReporter -->
<testsuite hostname="LAPTOP-MTFJEHHC" failures="0" tests="1" name="APIAutomation.SampleRestAssured.ParsingGetJSON" time="3.382" errors="0" timestamp="23 Mar 2018 10:24:04 GMT" skipped="0">
  <testcase classname="APIAutomation.SampleRestAssured.ParsingGetJSON" name="verifyResponse" time="3.382"/>
</testsuite> <!-- APIAutomation.SampleRestAssured.ParsingGetJSON -->
