<?xml version="1.0" encoding="UTF-8"?>
<!-- Generated by org.testng.reporters.JUnitReportReporter -->
<testsuite skipped="0" hostname="LAPTOP-MTFJEHHC" name="APIAutomation.SampleRestAssured.ParsingGetJSON" tests="1" failures="0" timestamp="08 May 2018 06:36:17 GMT" time="5.766" errors="0">
  <testcase name="verifyResponse" time="5.766" classname="APIAutomation.SampleRestAssured.ParsingGetJSON"/>
</testsuite> <!-- APIAutomation.SampleRestAssured.ParsingGetJSON -->
