<?xml version="1.0" encoding="UTF-8"?>
<!-- Generated by org.testng.reporters.JUnitReportReporter -->
<testsuite hostname="LAPTOP-MTFJEHHC" failures="0" tests="1" name="APIAutomation.SampleRestAssured.EndToEndTestCasePostADeletion" time="4.717" errors="0" timestamp="13 Apr 2018 08:46:21 GMT" skipped="0">
  <testcase classname="APIAutomation.SampleRestAssured.EndToEndTestCasePostADeletion" name="verifyResponse" time="4.717"/>
</testsuite> <!-- APIAutomation.SampleRestAssured.EndToEndTestCasePostADeletion -->
