<?xml version="1.0" encoding="UTF-8"?>
<!-- Generated by org.testng.reporters.JUnitReportReporter -->
<testsuite hostname="LAPTOP-MTFJEHHC" failures="0" tests="2" name="APIAutomation.SampleRestAssured.GetRequestSample" time="6.041" errors="0" timestamp="23 Mar 2018 05:56:20 GMT" skipped="1">
  <testcase classname="APIAutomation.SampleRestAssured.GetRequestSample" name="verifyHeaders" time="6.041"/>
  <testcase classname="APIAutomation.SampleRestAssured.GetRequestSample" name="whenGetVerifyFieldsContentTypeAndStatusCode">
    <skipped/>
  </testcase> <!-- whenGetVerifyFieldsContentTypeAndStatusCode -->
</testsuite> <!-- APIAutomation.SampleRestAssured.GetRequestSample -->
