<?xml version="1.0" encoding="UTF-8"?>
<!-- Generated by org.testng.reporters.JUnitReportReporter -->
<testsuite hostname="LAPTOP-MTFJEHHC" failures="0" tests="1" name="APIAutomation.SampleRestAssured.PostWithAdvancedValidation" time="7.057" errors="0" timestamp="23 Mar 2018 07:53:24 GMT" skipped="0">
  <testcase classname="APIAutomation.SampleRestAssured.PostWithAdvancedValidation" name="verifyResponse" time="7.057"/>
</testsuite> <!-- APIAutomation.SampleRestAssured.PostWithAdvancedValidation -->
