<?xml version="1.0" encoding="UTF-8"?>
<!-- Generated by org.testng.reporters.JUnitReportReporter -->
<testsuite hostname="LAPTOP-MTFJEHHC" failures="0" tests="1" name="APIAutomation.SampleRestAssured.PostXMLRequest" time="4.166" errors="0" timestamp="23 Mar 2018 09:05:51 GMT" skipped="0">
  <testcase classname="APIAutomation.SampleRestAssured.PostXMLRequest" name="verifyResponse" time="4.166"/>
</testsuite> <!-- APIAutomation.SampleRestAssured.PostXMLRequest -->
