<?xml version="1.0" encoding="UTF-8"?>
<!-- Generated by org.testng.reporters.JUnitReportReporter -->
<testsuite skipped="0" hostname="LAPTOP-MTFJEHHC" name="sff1.GoogleSmokeTest" tests="3" failures="0" timestamp="14 Apr 2018 05:37:22 GMT" time="56.050" errors="0">
  <testcase name="test01" time="9.387" classname="sff1.GoogleSmokeTest"/>
  <testcase name="test01" time="33.346" classname="sff1.GoogleSmokeTest"/>
  <testcase name="test01" time="13.317" classname="sff1.GoogleSmokeTest"/>
</testsuite> <!-- sff1.GoogleSmokeTest -->
