<?xml version="1.0" encoding="UTF-8"?>
<!-- Generated by org.testng.reporters.JUnitReportReporter -->
<testsuite skipped="0" hostname="LAPTOP-MTFJEHHC" name="sff1.GoogleSmokeTest" tests="3" failures="0" timestamp="15 Apr 2018 14:11:40 GMT" time="26.993" errors="0">
  <testcase name="test01" time="10.639" classname="sff1.GoogleSmokeTest"/>
  <testcase name="test01" time="7.995" classname="sff1.GoogleSmokeTest"/>
  <testcase name="test01" time="8.359" classname="sff1.GoogleSmokeTest"/>
</testsuite> <!-- sff1.GoogleSmokeTest -->
