<?xml version="1.0" encoding="UTF-8"?>
<!-- Generated by org.testng.reporters.JUnitReportReporter -->
<testsuite skipped="0" hostname="LAPTOP-MTFJEHHC" name="sff2.GoogleSmokeTest" tests="3" failures="0" timestamp="16 Apr 2018 08:03:59 GMT" time="122.917" errors="0">
  <testcase name="googleSmokeTest" time="40.453" classname="sff2.GoogleSmokeTest"/>
  <testcase name="googleSmokeTest" time="40.765" classname="sff2.GoogleSmokeTest"/>
  <testcase name="googleSmokeTest" time="41.699" classname="sff2.GoogleSmokeTest"/>
</testsuite> <!-- sff2.GoogleSmokeTest -->
