<?xml version="1.0" encoding="UTF-8"?>
<!-- Generated by org.testng.reporters.JUnitReportReporter -->
<testsuite skipped="0" hostname="LAPTOP-MTFJEHHC" name="sff2.GoogleSmokeTest" tests="4" failures="0" timestamp="01 Mar 2019 08:15:46 GMT" time="271.026" errors="0">
  <testcase name="googleSmokeTest" time="69.403" classname="sff2.GoogleSmokeTest"/>
  <testcase name="googleSmokeTest" time="69.861" classname="sff2.GoogleSmokeTest"/>
  <testcase name="googleSmokeTest" time="69.464" classname="sff2.GoogleSmokeTest"/>
  <testcase name="googleSmokeTest" time="62.298" classname="sff2.GoogleSmokeTest"/>
</testsuite> <!-- sff2.GoogleSmokeTest -->
