<?xml version="1.0" encoding="UTF-8"?>
<!-- Generated by org.testng.reporters.JUnitReportReporter -->
<testsuite skipped="0" hostname="LAPTOP-MTFJEHHC" name="sff2.GoogleSmokeTest" tests="3" failures="0" timestamp="16 Apr 2018 08:10:42 GMT" time="97.698" errors="0">
  <testcase name="googleSmokeTest" time="31.705" classname="sff2.GoogleSmokeTest"/>
  <testcase name="googleSmokeTest" time="33.522" classname="sff2.GoogleSmokeTest"/>
  <testcase name="googleSmokeTest" time="32.471" classname="sff2.GoogleSmokeTest"/>
</testsuite> <!-- sff2.GoogleSmokeTest -->
