<?xml version="1.0" encoding="UTF-8"?>
<!-- Generated by org.testng.reporters.JUnitReportReporter -->
<testsuite skipped="0" hostname="LAPTOP-MTFJEHHC" name="sff1.GoogleSmokeTest" tests="3" failures="0" timestamp="16 Apr 2018 06:18:03 GMT" time="53.180" errors="0">
  <testcase name="test01" time="11.233" classname="sff1.GoogleSmokeTest"/>
  <testcase name="test01" time="13.430" classname="sff1.GoogleSmokeTest"/>
  <testcase name="test01" time="28.517" classname="sff1.GoogleSmokeTest"/>
</testsuite> <!-- sff1.GoogleSmokeTest -->
