<?xml version="1.0" encoding="UTF-8"?>
<!-- Generated by org.testng.reporters.JUnitReportReporter -->
<testsuite skipped="0" hostname="LAPTOP-MTFJEHHC" name="test8_unitTest.Test_BeforeTestAndBeforeMethod" tests="3" failures="0" timestamp="14 May 2019 03:29:55 GMT" time="0.020" errors="0">
  <testcase name="firstTest" time="0.010" classname="test8_unitTest.Test_BeforeTestAndBeforeMethod"/>
  <testcase name="secondTest" time="0.000" classname="test8_unitTest.Test_BeforeTestAndBeforeMethod"/>
  <testcase name="thirdTest" time="0.010" classname="test8_unitTest.Test_BeforeTestAndBeforeMethod"/>
</testsuite> <!-- test8_unitTest.Test_BeforeTestAndBeforeMethod -->
