<?xml version="1.0" encoding="UTF-8"?>
<!-- Generated by org.testng.reporters.JUnitReportReporter -->
<testsuite skipped="2" hostname="LAPTOP-MTFJEHHC" name="test8_unitTest.TrayTest" tests="4" failures="0" timestamp="14 May 2019 03:21:47 GMT" time="0.100" errors="0">
  <testcase name="addGlassToTray" time="0.100" classname="test8_unitTest.TrayTest"/>
  <testcase name="browseTrayAfterRemovingGlass" time="0.000" classname="test8_unitTest.TrayTest"/>
  <testcase name="browseTrayAfterAddingGlass" classname="test8_unitTest.TrayTest">
    <skipped/>
  </testcase> <!-- browseTrayAfterAddingGlass -->
  <testcase name="getGlassAndDrinkIt" classname="test8_unitTest.TrayTest">
    <skipped/>
  </testcase> <!-- getGlassAndDrinkIt -->
</testsuite> <!-- test8_unitTest.TrayTest -->
