<?xml version="1.0" encoding="UTF-8"?>
<!-- Generated by org.testng.reporters.JUnitReportReporter -->
<testsuite skipped="0" hostname="LAPTOP-MTFJEHHC" name="test8_unitTest.testTrayClass" tests="3" failures="0" timestamp="30 Apr 2019 21:26:28 GMT" time="0.016" errors="0">
  <testcase name="addGlassToTray" time="0.016" classname="test8_unitTest.testTrayClass"/>
  <testcase name="getGlassAndDrinkIt" time="0.000" classname="test8_unitTest.testTrayClass"/>
  <testcase name="browseTray" time="0.000" classname="test8_unitTest.testTrayClass"/>
</testsuite> <!-- test8_unitTest.testTrayClass -->
