<?xml version="1.0" encoding="UTF-8"?>
<!-- Generated by org.testng.reporters.JUnitReportReporter -->
<testsuite skipped="0" hostname="LAPTOP-MTFJEHHC" name="test8_unitTest.BeerMugTest" tests="2" failures="0" timestamp="14 May 2019 03:16:47 GMT" time="0.020" errors="0">
  <testcase name="beerSingleParamConstructor" time="0.006" classname="test8_unitTest.BeerMugTest"/>
  <testcase name="beerNoParamConstructor" time="0.014" classname="test8_unitTest.BeerMugTest"/>
</testsuite> <!-- test8_unitTest.BeerMugTest -->
