<?xml version="1.0" encoding="UTF-8"?>
<!-- Generated by org.testng.reporters.JUnitReportReporter -->
<testsuite skipped="0" hostname="LAPTOP-MTFJEHHC" name="test9.Main" tests="21" failures="0" timestamp="30 Jul 2019 02:00:01 GMT" time="0.412" errors="0">
  <testcase name="main" time="0.049" classname="test9.Main"/>
  <testcase name="main" time="0.010" classname="test9.Main"/>
  <testcase name="main" time="0.060" classname="test9.Main"/>
  <testcase name="main" time="0.010" classname="test9.Main"/>
  <testcase name="main" time="0.010" classname="test9.Main"/>
  <testcase name="main" time="0.021" classname="test9.Main"/>
  <testcase name="main" time="0.010" classname="test9.Main"/>
  <testcase name="main" time="0.020" classname="test9.Main"/>
  <testcase name="main" time="0.026" classname="test9.Main"/>
  <testcase name="main" time="0.010" classname="test9.Main"/>
  <testcase name="main" time="0.010" classname="test9.Main"/>
  <testcase name="main" time="0.009" classname="test9.Main"/>
  <testcase name="main" time="0.049" classname="test9.Main"/>
  <testcase name="main" time="0.030" classname="test9.Main"/>
  <testcase name="main" time="0.010" classname="test9.Main"/>
  <testcase name="main" time="0.020" classname="test9.Main"/>
  <testcase name="main" time="0.000" classname="test9.Main"/>
  <testcase name="main" time="0.014" classname="test9.Main"/>
  <testcase name="main" time="0.010" classname="test9.Main"/>
  <testcase name="main" time="0.020" classname="test9.Main"/>
  <testcase name="main" time="0.014" classname="test9.Main"/>
</testsuite> <!-- test9.Main -->
