<?xml version="1.0" encoding="UTF-8"?>
<!-- Generated by org.testng.reporters.JUnitReportReporter -->
<testsuite skipped="0" hostname="LAPTOP-MTFJEHHC" name="test8_unitTest.testBeerClass" tests="2" failures="0" timestamp="01 May 2019 03:34:26 GMT" time="0.047" errors="0">
  <testcase name="testBeerGetNameDefault" time="0.015" classname="test8_unitTest.testBeerClass"/>
  <testcase name="testBeerGetName" time="0.032" classname="test8_unitTest.testBeerClass"/>
</testsuite> <!-- test8_unitTest.testBeerClass -->
