<?xml version="1.0" encoding="UTF-8"?>
<!-- Generated by org.testng.reporters.JUnitReportReporter -->
<testsuite skipped="0" hostname="LAPTOP-MTFJEHHC" name="test8_unitTest.testBeerMugClass" tests="2" failures="0" timestamp="30 Apr 2019 20:50:17 GMT" time="0.015" errors="0">
  <testcase name="beerNoParamConstructor" time="0.011" classname="test8_unitTest.testBeerMugClass"/>
  <testcase name="beerSingleParamConstructor" time="0.004" classname="test8_unitTest.testBeerMugClass"/>
</testsuite> <!-- test8_unitTest.testBeerMugClass -->
