<?xml version="1.0" encoding="UTF-8"?>
<!-- Generated by org.testng.reporters.JUnitReportReporter -->
<testsuite skipped="0" hostname="LAPTOP-MTFJEHHC" name="test8_unitTest.testBeerMugClass" tests="2" failures="0" timestamp="01 May 2019 03:36:05 GMT" time="0.027" errors="0">
  <testcase name="beerNoParamConstructor" time="0.026" classname="test8_unitTest.testBeerMugClass"/>
  <testcase name="beerSingleParamConstructor" time="0.001" classname="test8_unitTest.testBeerMugClass"/>
</testsuite> <!-- test8_unitTest.testBeerMugClass -->
