<?xml version="1.0" encoding="UTF-8"?>
<!-- Generated by org.testng.reporters.JUnitReportReporter -->
<testsuite skipped="0" hostname="LAPTOP-MTFJEHHC" name="test8_unitTest.testBeerClass" tests="2" failures="0" timestamp="30 Apr 2019 20:15:48 GMT" time="0.031" errors="0">
  <testcase name="testBeerGetNameDefault" time="0.012" classname="test8_unitTest.testBeerClass"/>
  <testcase name="testBeerGetName" time="0.019" classname="test8_unitTest.testBeerClass"/>
</testsuite> <!-- test8_unitTest.testBeerClass -->
