<?xml version="1.0" encoding="UTF-8"?>
<!-- Generated by org.testng.reporters.JUnitReportReporter -->
<testsuite skipped="0" hostname="LAPTOP-MTFJEHHC" name="test7.Main" tests="1" failures="0" timestamp="22 May 2019 06:40:04 GMT" time="0.075" errors="0">
  <testcase name="main" time="0.075" classname="test7.Main"/>
</testsuite> <!-- test7.Main -->
