<?xml version="1.0" encoding="UTF-8"?>
<!-- Generated by org.testng.reporters.JUnitReportReporter -->
<testsuite skipped="0" hostname="LAPTOP-MTFJEHHC" name="good_code.StdoutToFile" tests="1" failures="0" timestamp="30 Apr 2019 19:36:36 GMT" time="0.019" errors="0">
  <testcase name="testMethod1" time="0.019" classname="good_code.StdoutToFile"/>
</testsuite> <!-- good_code.StdoutToFile -->
