<?xml version="1.0" encoding="UTF-8"?>
<!-- Generated by org.testng.reporters.JUnitReportReporter -->
<testsuite skipped="0" hostname="LAPTOP-MTFJEHHC" name="test8_unitTest.TrayTest" tests="3" failures="0" timestamp="01 May 2019 07:22:56 GMT" time="0.114" errors="0">
  <testcase name="addGlassToTray" time="0.089" classname="test8_unitTest.TrayTest"/>
  <testcase name="browseTrayAfterRemovineGlass" time="0.005" classname="test8_unitTest.TrayTest"/>
  <testcase name="browseTrayAfterAddingGlass" time="0.020" classname="test8_unitTest.TrayTest"/>
</testsuite> <!-- test8_unitTest.TrayTest -->
