<?xml version="1.0" encoding="UTF-8"?>
<!-- Generated by org.testng.reporters.JUnitReportReporter -->
<testsuite skipped="0" hostname="LAPTOP-MTFJEHHC" name="fileio3.Practice" tests="3" failures="0" timestamp="21 Jun 2019 06:56:43 GMT" time="0.037" errors="0">
  <testcase name="main" time="0.021" classname="fileio3.Practice"/>
  <testcase name="main" time="0.000" classname="fileio3.Practice"/>
  <testcase name="main" time="0.016" classname="fileio3.Practice"/>
</testsuite> <!-- fileio3.Practice -->
