<?xml version="1.0" encoding="UTF-8"?>
<!-- Generated by org.testng.reporters.JUnitReportReporter -->
<testsuite skipped="0" hostname="LAPTOP-MTFJEHHC" name="drink10.TestMain_SingleThread" tests="4" failures="0" timestamp="29 Jul 2019 23:54:28 GMT" time="0.049" errors="0">
  <testcase name="drinkTest" time="0.016" classname="drink10.TestMain_SingleThread"/>
  <testcase name="drinkTest" time="0.031" classname="drink10.TestMain_SingleThread"/>
  <testcase name="drinkTest" time="0.000" classname="drink10.TestMain_SingleThread"/>
  <testcase name="drinkTest" time="0.002" classname="drink10.TestMain_SingleThread"/>
</testsuite> <!-- drink10.TestMain_SingleThread -->
