<?xml version="1.0" encoding="UTF-8"?>
<!-- Generated by org.testng.reporters.JUnitReportReporter -->
<testsuite skipped="0" hostname="LAPTOP-MTFJEHHC" name="drink11.TestMain_MltThread" tests="212" failures="0" timestamp="30 Jul 2019 02:55:07 GMT" time="4.402" errors="0">
  <testcase name="main" time="0.026" classname="drink11.TestMain_MltThread"/>
  <testcase name="main" time="0.016" classname="drink11.TestMain_MltThread"/>
  <testcase name="main" time="0.000" classname="drink11.TestMain_MltThread"/>
  <testcase name="main" time="0.109" classname="drink11.TestMain_MltThread"/>
  <testcase name="main" time="0.000" classname="drink11.TestMain_MltThread"/>
  <testcase name="main" time="0.000" classname="drink11.TestMain_MltThread"/>
  <testcase name="main" time="0.000" classname="drink11.TestMain_MltThread"/>
  <testcase name="main" time="0.016" classname="drink11.TestMain_MltThread"/>
  <testcase name="main" time="0.000" classname="drink11.TestMain_MltThread"/>
  <testcase name="main" time="0.047" classname="drink11.TestMain_MltThread"/>
  <testcase name="main" time="0.000" classname="drink11.TestMain_MltThread"/>
  <testcase name="main" time="0.031" classname="drink11.TestMain_MltThread"/>
  <testcase name="main" time="0.141" classname="drink11.TestMain_MltThread"/>
  <testcase name="main" time="0.031" classname="drink11.TestMain_MltThread"/>
  <testcase name="main" time="0.015" classname="drink11.TestMain_MltThread"/>
  <testcase name="main" time="0.031" classname="drink11.TestMain_MltThread"/>
  <testcase name="main" time="0.062" classname="drink11.TestMain_MltThread"/>
  <testcase name="main" time="0.015" classname="drink11.TestMain_MltThread"/>
  <testcase name="main" time="0.000" classname="drink11.TestMain_MltThread"/>
  <testcase name="main" time="0.000" classname="drink11.TestMain_MltThread"/>
  <testcase name="main" time="0.000" classname="drink11.TestMain_MltThread"/>
  <testcase name="main" time="0.030" classname="drink11.TestMain_MltThread"/>
  <testcase name="main" time="0.016" classname="drink11.TestMain_MltThread"/>
  <testcase name="main" time="0.000" classname="drink11.TestMain_MltThread"/>
  <testcase name="main" time="0.140" classname="drink11.TestMain_MltThread"/>
  <testcase name="main" time="0.000" classname="drink11.TestMain_MltThread"/>
  <testcase name="main" time="0.000" classname="drink11.TestMain_MltThread"/>
  <testcase name="main" time="0.000" classname="drink11.TestMain_MltThread"/>
  <testcase name="main" time="0.000" classname="drink11.TestMain_MltThread"/>
  <testcase name="main" time="0.000" classname="drink11.TestMain_MltThread"/>
  <testcase name="main" time="0.000" classname="drink11.TestMain_MltThread"/>
  <testcase name="main" time="0.000" classname="drink11.TestMain_MltThread"/>
  <testcase name="main" time="0.000" classname="drink11.TestMain_MltThread"/>
  <testcase name="main" time="0.000" classname="drink11.TestMain_MltThread"/>
  <testcase name="main" time="0.000" classname="drink11.TestMain_MltThread"/>
  <testcase name="main" time="0.000" classname="drink11.TestMain_MltThread"/>
  <testcase name="main" time="0.000" classname="drink11.TestMain_MltThread"/>
  <testcase name="main" time="0.000" classname="drink11.TestMain_MltThread"/>
  <testcase name="main" time="0.063" classname="drink11.TestMain_MltThread"/>
  <testcase name="main" time="0.000" classname="drink11.TestMain_MltThread"/>
  <testcase name="main" time="0.000" classname="drink11.TestMain_MltThread"/>
  <testcase name="main" time="0.015" classname="drink11.TestMain_MltThread"/>
  <testcase name="main" time="0.000" classname="drink11.TestMain_MltThread"/>
  <testcase name="main" time="0.000" classname="drink11.TestMain_MltThread"/>
  <testcase name="main" time="0.000" classname="drink11.TestMain_MltThread"/>
  <testcase name="main" time="0.016" classname="drink11.TestMain_MltThread"/>
  <testcase name="main" time="0.016" classname="drink11.TestMain_MltThread"/>
  <testcase name="main" time="0.016" classname="drink11.TestMain_MltThread"/>
  <testcase name="main" time="0.016" classname="drink11.TestMain_MltThread"/>
  <testcase name="main" time="0.000" classname="drink11.TestMain_MltThread"/>
  <testcase name="main" time="0.016" classname="drink11.TestMain_MltThread"/>
  <testcase name="main" time="0.000" classname="drink11.TestMain_MltThread"/>
  <testcase name="main" time="0.000" classname="drink11.TestMain_MltThread"/>
  <testcase name="main" time="0.094" classname="drink11.TestMain_MltThread"/>
  <testcase name="main" time="0.000" classname="drink11.TestMain_MltThread"/>
  <testcase name="main" time="0.000" classname="drink11.TestMain_MltThread"/>
  <testcase name="main" time="0.000" classname="drink11.TestMain_MltThread"/>
  <testcase name="main" time="0.016" classname="drink11.TestMain_MltThread"/>
  <testcase name="main" time="0.000" classname="drink11.TestMain_MltThread"/>
  <testcase name="main" time="0.062" classname="drink11.TestMain_MltThread"/>
  <testcase name="main" time="0.000" classname="drink11.TestMain_MltThread"/>
  <testcase name="main" time="0.000" classname="drink11.TestMain_MltThread"/>
  <testcase name="main" time="0.000" classname="drink11.TestMain_MltThread"/>
  <testcase name="main" time="0.016" classname="drink11.TestMain_MltThread"/>
  <testcase name="main" time="0.000" classname="drink11.TestMain_MltThread"/>
  <testcase name="main" time="0.094" classname="drink11.TestMain_MltThread"/>
  <testcase name="main" time="0.016" classname="drink11.TestMain_MltThread"/>
  <testcase name="main" time="0.016" classname="drink11.TestMain_MltThread"/>
  <testcase name="main" time="0.047" classname="drink11.TestMain_MltThread"/>
  <testcase name="main" time="0.015" classname="drink11.TestMain_MltThread"/>
  <testcase name="main" time="0.000" classname="drink11.TestMain_MltThread"/>
  <testcase name="main" time="0.000" classname="drink11.TestMain_MltThread"/>
  <testcase name="main" time="0.000" classname="drink11.TestMain_MltThread"/>
  <testcase name="main" time="0.079" classname="drink11.TestMain_MltThread"/>
  <testcase name="main" time="0.000" classname="drink11.TestMain_MltThread"/>
  <testcase name="main" time="0.031" classname="drink11.TestMain_MltThread"/>
  <testcase name="main" time="0.042" classname="drink11.TestMain_MltThread"/>
  <testcase name="main" time="0.016" classname="drink11.TestMain_MltThread"/>
  <testcase name="main" time="0.000" classname="drink11.TestMain_MltThread"/>
  <testcase name="main" time="0.094" classname="drink11.TestMain_MltThread"/>
  <testcase name="main" time="0.000" classname="drink11.TestMain_MltThread"/>
  <testcase name="main" time="0.000" classname="drink11.TestMain_MltThread"/>
  <testcase name="main" time="0.000" classname="drink11.TestMain_MltThread"/>
  <testcase name="main" time="0.015" classname="drink11.TestMain_MltThread"/>
  <testcase name="main" time="0.016" classname="drink11.TestMain_MltThread"/>
  <testcase name="main" time="0.000" classname="drink11.TestMain_MltThread"/>
  <testcase name="main" time="0.000" classname="drink11.TestMain_MltThread"/>
  <testcase name="main" time="0.000" classname="drink11.TestMain_MltThread"/>
  <testcase name="main" time="0.000" classname="drink11.TestMain_MltThread"/>
  <testcase name="main" time="0.016" classname="drink11.TestMain_MltThread"/>
  <testcase name="main" time="0.000" classname="drink11.TestMain_MltThread"/>
  <testcase name="main" time="0.047" classname="drink11.TestMain_MltThread"/>
  <testcase name="main" time="0.000" classname="drink11.TestMain_MltThread"/>
  <testcase name="main" time="0.000" classname="drink11.TestMain_MltThread"/>
  <testcase name="main" time="0.000" classname="drink11.TestMain_MltThread"/>
  <testcase name="main" time="0.000" classname="drink11.TestMain_MltThread"/>
  <testcase name="main" time="0.079" classname="drink11.TestMain_MltThread"/>
  <testcase name="main" time="0.000" classname="drink11.TestMain_MltThread"/>
  <testcase name="main" time="0.109" classname="drink11.TestMain_MltThread"/>
  <testcase name="main" time="0.047" classname="drink11.TestMain_MltThread"/>
  <testcase name="main" time="0.000" classname="drink11.TestMain_MltThread"/>
  <testcase name="main" time="0.047" classname="drink11.TestMain_MltThread"/>
  <testcase name="main" time="0.016" classname="drink11.TestMain_MltThread"/>
  <testcase name="main" time="0.015" classname="drink11.TestMain_MltThread"/>
  <testcase name="main" time="0.000" classname="drink11.TestMain_MltThread"/>
  <testcase name="main" time="0.000" classname="drink11.TestMain_MltThread"/>
  <testcase name="main" time="0.000" classname="drink11.TestMain_MltThread"/>
  <testcase name="main" time="0.000" classname="drink11.TestMain_MltThread"/>
  <testcase name="main" time="0.062" classname="drink11.TestMain_MltThread"/>
  <testcase name="main" time="0.000" classname="drink11.TestMain_MltThread"/>
  <testcase name="main" time="0.062" classname="drink11.TestMain_MltThread"/>
  <testcase name="main" time="0.000" classname="drink11.TestMain_MltThread"/>
  <testcase name="main" time="0.000" classname="drink11.TestMain_MltThread"/>
  <testcase name="main" time="0.000" classname="drink11.TestMain_MltThread"/>
  <testcase name="main" time="0.000" classname="drink11.TestMain_MltThread"/>
  <testcase name="main" time="0.157" classname="drink11.TestMain_MltThread"/>
  <testcase name="main" time="0.015" classname="drink11.TestMain_MltThread"/>
  <testcase name="main" time="0.000" classname="drink11.TestMain_MltThread"/>
  <testcase name="main" time="0.000" classname="drink11.TestMain_MltThread"/>
  <testcase name="main" time="0.047" classname="drink11.TestMain_MltThread"/>
  <testcase name="main" time="0.000" classname="drink11.TestMain_MltThread"/>
  <testcase name="main" time="0.000" classname="drink11.TestMain_MltThread"/>
  <testcase name="main" time="0.109" classname="drink11.TestMain_MltThread"/>
  <testcase name="main" time="0.000" classname="drink11.TestMain_MltThread"/>
  <testcase name="main" time="0.094" classname="drink11.TestMain_MltThread"/>
  <testcase name="main" time="0.000" classname="drink11.TestMain_MltThread"/>
  <testcase name="main" time="0.009" classname="drink11.TestMain_MltThread"/>
  <testcase name="main" time="0.251" classname="drink11.TestMain_MltThread"/>
  <testcase name="main" time="0.031" classname="drink11.TestMain_MltThread"/>
  <testcase name="main" time="0.000" classname="drink11.TestMain_MltThread"/>
  <testcase name="main" time="0.000" classname="drink11.TestMain_MltThread"/>
  <testcase name="main" time="0.078" classname="drink11.TestMain_MltThread"/>
  <testcase name="main" time="0.000" classname="drink11.TestMain_MltThread"/>
  <testcase name="main" time="0.000" classname="drink11.TestMain_MltThread"/>
  <testcase name="main" time="0.093" classname="drink11.TestMain_MltThread"/>
  <testcase name="main" time="0.000" classname="drink11.TestMain_MltThread"/>
  <testcase name="main" time="0.000" classname="drink11.TestMain_MltThread"/>
  <testcase name="main" time="0.047" classname="drink11.TestMain_MltThread"/>
  <testcase name="main" time="0.157" classname="drink11.TestMain_MltThread"/>
  <testcase name="main" time="0.000" classname="drink11.TestMain_MltThread"/>
  <testcase name="main" time="0.047" classname="drink11.TestMain_MltThread"/>
  <testcase name="main" time="0.000" classname="drink11.TestMain_MltThread"/>
  <testcase name="main" time="0.000" classname="drink11.TestMain_MltThread"/>
  <testcase name="main" time="0.000" classname="drink11.TestMain_MltThread"/>
  <testcase name="main" time="0.016" classname="drink11.TestMain_MltThread"/>
  <testcase name="main" time="0.015" classname="drink11.TestMain_MltThread"/>
  <testcase name="main" time="0.000" classname="drink11.TestMain_MltThread"/>
  <testcase name="main" time="0.109" classname="drink11.TestMain_MltThread"/>
  <testcase name="main" time="0.000" classname="drink11.TestMain_MltThread"/>
  <testcase name="main" time="0.000" classname="drink11.TestMain_MltThread"/>
  <testcase name="main" time="0.016" classname="drink11.TestMain_MltThread"/>
  <testcase name="main" time="0.000" classname="drink11.TestMain_MltThread"/>
  <testcase name="main" time="0.000" classname="drink11.TestMain_MltThread"/>
  <testcase name="main" time="0.094" classname="drink11.TestMain_MltThread"/>
  <testcase name="main" time="0.094" classname="drink11.TestMain_MltThread"/>
  <testcase name="main" time="0.000" classname="drink11.TestMain_MltThread"/>
  <testcase name="main" time="0.000" classname="drink11.TestMain_MltThread"/>
  <testcase name="main" time="0.000" classname="drink11.TestMain_MltThread"/>
  <testcase name="main" time="0.000" classname="drink11.TestMain_MltThread"/>
  <testcase name="main" time="0.032" classname="drink11.TestMain_MltThread"/>
  <testcase name="main" time="0.093" classname="drink11.TestMain_MltThread"/>
  <testcase name="main" time="0.047" classname="drink11.TestMain_MltThread"/>
  <testcase name="main" time="0.000" classname="drink11.TestMain_MltThread"/>
  <testcase name="main" time="0.000" classname="drink11.TestMain_MltThread"/>
  <testcase name="main" time="0.000" classname="drink11.TestMain_MltThread"/>
  <testcase name="main" time="0.000" classname="drink11.TestMain_MltThread"/>
  <testcase name="main" time="0.032" classname="drink11.TestMain_MltThread"/>
  <testcase name="main" time="0.016" classname="drink11.TestMain_MltThread"/>
  <testcase name="main" time="0.015" classname="drink11.TestMain_MltThread"/>
  <testcase name="main" time="0.094" classname="drink11.TestMain_MltThread"/>
  <testcase name="main" time="0.000" classname="drink11.TestMain_MltThread"/>
  <testcase name="main" time="0.000" classname="drink11.TestMain_MltThread"/>
  <testcase name="main" time="0.063" classname="drink11.TestMain_MltThread"/>
  <testcase name="main" time="0.000" classname="drink11.TestMain_MltThread"/>
  <testcase name="main" time="0.000" classname="drink11.TestMain_MltThread"/>
  <testcase name="main" time="0.000" classname="drink11.TestMain_MltThread"/>
  <testcase name="main" time="0.000" classname="drink11.TestMain_MltThread"/>
  <testcase name="main" time="0.000" classname="drink11.TestMain_MltThread"/>
  <testcase name="main" time="0.031" classname="drink11.TestMain_MltThread"/>
  <testcase name="main" time="0.015" classname="drink11.TestMain_MltThread"/>
  <testcase name="main" time="0.000" classname="drink11.TestMain_MltThread"/>
  <testcase name="main" time="0.016" classname="drink11.TestMain_MltThread"/>
  <testcase name="main" time="0.031" classname="drink11.TestMain_MltThread"/>
  <testcase name="main" time="0.016" classname="drink11.TestMain_MltThread"/>
  <testcase name="main" time="0.000" classname="drink11.TestMain_MltThread"/>
  <testcase name="main" time="0.000" classname="drink11.TestMain_MltThread"/>
  <testcase name="main" time="0.016" classname="drink11.TestMain_MltThread"/>
  <testcase name="main" time="0.016" classname="drink11.TestMain_MltThread"/>
  <testcase name="main" time="0.000" classname="drink11.TestMain_MltThread"/>
  <testcase name="main" time="0.031" classname="drink11.TestMain_MltThread"/>
  <testcase name="main" time="0.000" classname="drink11.TestMain_MltThread"/>
  <testcase name="main" time="0.000" classname="drink11.TestMain_MltThread"/>
  <testcase name="main" time="0.047" classname="drink11.TestMain_MltThread"/>
  <testcase name="main" time="0.000" classname="drink11.TestMain_MltThread"/>
  <testcase name="main" time="0.000" classname="drink11.TestMain_MltThread"/>
  <testcase name="main" time="0.000" classname="drink11.TestMain_MltThread"/>
  <testcase name="main" time="0.000" classname="drink11.TestMain_MltThread"/>
  <testcase name="main" time="0.000" classname="drink11.TestMain_MltThread"/>
  <testcase name="main" time="0.031" classname="drink11.TestMain_MltThread"/>
  <testcase name="main" time="0.031" classname="drink11.TestMain_MltThread"/>
  <testcase name="main" time="0.000" classname="drink11.TestMain_MltThread"/>
  <testcase name="main" time="0.000" classname="drink11.TestMain_MltThread"/>
  <testcase name="main" time="0.015" classname="drink11.TestMain_MltThread"/>
  <testcase name="main" time="0.000" classname="drink11.TestMain_MltThread"/>
  <testcase name="main" time="0.000" classname="drink11.TestMain_MltThread"/>
  <testcase name="main" time="0.000" classname="drink11.TestMain_MltThread"/>
  <testcase name="main" time="0.000" classname="drink11.TestMain_MltThread"/>
  <testcase name="main" time="0.026" classname="drink11.TestMain_MltThread"/>
  <testcase name="main" time="0.000" classname="drink11.TestMain_MltThread"/>
  <testcase name="main" time="0.046" classname="drink11.TestMain_MltThread"/>
  <testcase name="main" time="0.016" classname="drink11.TestMain_MltThread"/>
  <testcase name="main" time="0.094" classname="drink11.TestMain_MltThread"/>
</testsuite> <!-- drink11.TestMain_MltThread -->
