<?xml version="1.0" encoding="UTF-8"?>
<!-- Generated by org.testng.reporters.JUnitReportReporter -->
<testsuite skipped="3" hostname="LAPTOP-MTFJEHHC" name="test8_unitTest.TrayTest" tests="4" failures="0" timestamp="03 May 2019 00:39:38 GMT" time="0.089" errors="0">
  <testcase name="browseTrayAfterRemovingGlass" time="0.089" classname="test8_unitTest.TrayTest"/>
  <testcase name="browseTrayAfterAddingGlass" classname="test8_unitTest.TrayTest">
    <skipped/>
  </testcase> <!-- browseTrayAfterAddingGlass -->
  <testcase name="getGlassAndDrinkIt" classname="test8_unitTest.TrayTest">
    <skipped/>
  </testcase> <!-- getGlassAndDrinkIt -->
  <testcase name="addGlassToTray" classname="test8_unitTest.TrayTest">
    <skipped/>
  </testcase> <!-- addGlassToTray -->
</testsuite> <!-- test8_unitTest.TrayTest -->
