<?xml version="1.0" encoding="UTF-8"?>
<!-- Generated by org.testng.reporters.JUnitReportReporter -->
<testsuite skipped="0" hostname="LAPTOP-MTFJEHHC" name="test8_unitTest.BeerMugTest" tests="2" failures="0" timestamp="02 May 2019 23:43:31 GMT" time="0.048" errors="0">
  <testcase name="beerNoParamConstructor" time="0.038" classname="test8_unitTest.BeerMugTest"/>
  <testcase name="beerSingleParamConstructor" time="0.010" classname="test8_unitTest.BeerMugTest"/>
</testsuite> <!-- test8_unitTest.BeerMugTest -->
