<?xml version="1.0" encoding="UTF-8"?>
<!-- Generated by org.testng.reporters.JUnitReportReporter -->
<testsuite skipped="0" hostname="LAPTOP-MTFJEHHC" name="test8_unitTest.testBeerMug" tests="1" failures="0" timestamp="30 Apr 2019 10:04:45 GMT" time="0.021" errors="0">
  <testcase name="testMethod1" time="0.021" classname="test8_unitTest.testBeerMug"/>
</testsuite> <!-- test8_unitTest.testBeerMug -->
