<?xml version="1.0" encoding="UTF-8"?>
<!-- Generated by org.testng.reporters.JUnitReportReporter -->
<testsuite skipped="0" hostname="LAPTOP-MTFJEHHC" name="fileio2.Practice" tests="1" failures="0" timestamp="20 Jun 2019 09:15:18 GMT" time="0.029" errors="0">
  <testcase name="test01" time="0.029" classname="fileio2.Practice"/>
</testsuite> <!-- fileio2.Practice -->
