<?xml version="1.0" encoding="UTF-8"?>
<!-- Generated by org.testng.reporters.JUnitReportReporter -->
<testsuite skipped="0" hostname="LAPTOP-MTFJEHHC" name="drink10.TestMain" tests="4" failures="0" timestamp="29 Jul 2019 23:53:30 GMT" time="0.038" errors="0">
  <testcase name="drinkTest" time="0.038" classname="drink10.TestMain"/>
  <testcase name="drinkTest" time="0.000" classname="drink10.TestMain"/>
  <testcase name="drinkTest" time="0.000" classname="drink10.TestMain"/>
  <testcase name="drinkTest" time="0.000" classname="drink10.TestMain"/>
</testsuite> <!-- drink10.TestMain -->
