<?xml version="1.0" encoding="UTF-8"?>
<!-- Generated by org.testng.reporters.JUnitReportReporter -->
<testsuite skipped="0" hostname="LAPTOP-MTFJEHHC" name="test8_unitTest.StdoutToFile" tests="1" failures="0" timestamp="30 Apr 2019 10:03:18 GMT" time="0.031" errors="0">
  <testcase name="testMethod1" time="0.031" classname="test8_unitTest.StdoutToFile"/>
</testsuite> <!-- test8_unitTest.StdoutToFile -->
