<?xml version="1.0" encoding="UTF-8"?>
<!-- Generated by org.testng.reporters.JUnitReportReporter -->
<testsuite skipped="0" hostname="LAPTOP-MTFJEHHC" name="test2_unitTest.WineGlassTest" tests="4" failures="0" timestamp="07 May 2019 07:32:07 GMT" time="0.043" errors="0">
  <testcase name="test01_WineGlass_wg1_peek_def_Wine" time="0.015" classname="test2_unitTest.WineGlassTest"/>
  <testcase name="test04_WineGlass_wg2_drink_var_Wine" time="0.008" classname="test2_unitTest.WineGlassTest"/>
  <testcase name="test02_WineGlass_wg2_peek_var_Wine" time="0.005" classname="test2_unitTest.WineGlassTest"/>
  <testcase name="test03_WineGlass_wg1_drink_def_Wine" time="0.015" classname="test2_unitTest.WineGlassTest"/>
</testsuite> <!-- test2_unitTest.WineGlassTest -->
