<?xml version="1.0" encoding="UTF-8"?>
<!-- Generated by org.testng.reporters.JUnitReportReporter -->
<testsuite skipped="3" hostname="LAPTOP-MTFJEHHC" name="test2_unitTest.AbstractGlassTest" tests="4" failures="0" timestamp="10 May 2019 02:40:14 GMT" time="0.034" errors="0">
  <testcase name="peekGetTastePepsiTaste" time="0.034" classname="test2_unitTest.AbstractGlassTest"/>
  <testcase name="peekGetTastePepsiDefaultTaste" classname="test2_unitTest.AbstractGlassTest">
    <skipped/>
  </testcase> <!-- peekGetTastePepsiDefaultTaste -->
  <testcase name="drinkGetTastePepsiDefaultTaste" classname="test2_unitTest.AbstractGlassTest">
    <skipped/>
  </testcase> <!-- drinkGetTastePepsiDefaultTaste -->
  <testcase name="drinkGetTastePepsiTaste" classname="test2_unitTest.AbstractGlassTest">
    <skipped/>
  </testcase> <!-- drinkGetTastePepsiTaste -->
</testsuite> <!-- test2_unitTest.AbstractGlassTest -->
