<?xml version="1.0" encoding="UTF-8"?>
<!-- Generated by org.testng.reporters.JUnitReportReporter -->
<testsuite skipped="0" hostname="LAPTOP-MTFJEHHC" name="test8_unitTest.testBeer" tests="2" failures="0" timestamp="30 Apr 2019 07:58:02 GMT" time="0.041" errors="0">
  <testcase name="testBeerGetNameDefault" time="0.011" classname="test8_unitTest.testBeer"/>
  <testcase name="testBeerGetName" time="0.030" classname="test8_unitTest.testBeer"/>
</testsuite> <!-- test8_unitTest.testBeer -->
