<?xml version="1.0" encoding="UTF-8"?>
<!-- Generated by org.testng.reporters.JUnitReportReporter -->
<testsuite skipped="0" hostname="LAPTOP-MTFJEHHC" name="sff1.GoogleSmokeTest" tests="3" failures="0" timestamp="12 Aug 2019 02:06:42 GMT" time="49.291" errors="0">
  <testcase name="test01" time="23.079" classname="sff1.GoogleSmokeTest"/>
  <testcase name="test01" time="15.085" classname="sff1.GoogleSmokeTest"/>
  <testcase name="test01" time="11.127" classname="sff1.GoogleSmokeTest"/>
</testsuite> <!-- sff1.GoogleSmokeTest -->
