<?xml version="1.0" encoding="UTF-8"?>
<!-- Generated by org.testng.reporters.JUnitReportReporter -->
<testsuite skipped="0" hostname="LAPTOP-MTFJEHHC" name="MAVENModule._SeleniumAdactinTests.TC_105" tests="1" failures="0" timestamp="16 Aug 2019 00:26:10 GMT" time="4.175" errors="0">
  <testcase name="tc105" time="4.175" classname="MAVENModule._SeleniumAdactinTests.TC_105"/>
</testsuite> <!-- MAVENModule._SeleniumAdactinTests.TC_105 -->
