<?xml version="1.0" encoding="UTF-8"?>
<!-- Generated by org.testng.reporters.JUnitReportReporter -->
<testsuite skipped="0" hostname="LAPTOP-MTFJEHHC" name="MAVENModule._SeleniumAdactinTests.TC_106" tests="1" failures="0" timestamp="16 Aug 2019 02:54:52 GMT" time="17.073" errors="0">
  <testcase name="tc106" time="17.073" classname="MAVENModule._SeleniumAdactinTests.TC_106"/>
</testsuite> <!-- MAVENModule._SeleniumAdactinTests.TC_106 -->
