<?xml version="1.0" encoding="UTF-8"?>
<!-- Generated by org.testng.reporters.JUnitReportReporter -->
<testsuite skipped="0" hostname="LAPTOP-MTFJEHHC" name="MAVENModule._SeleniumAdactinTests.TC_102" tests="1" failures="0" timestamp="16 Aug 2019 00:26:10 GMT" time="4.869" errors="0">
  <testcase name="tc102_verify_date_error_msgs" time="4.869" classname="MAVENModule._SeleniumAdactinTests.TC_102"/>
</testsuite> <!-- MAVENModule._SeleniumAdactinTests.TC_102 -->
