<?xml version="1.0" encoding="UTF-8"?>
<!-- Generated by org.testng.reporters.JUnitReportReporter -->
<testsuite skipped="0" hostname="LAPTOP-MTFJEHHC" name="MAVENModule._SeleniumAdactinTests.TC_107" tests="1" failures="0" timestamp="16 Aug 2019 00:26:10 GMT" time="3.979" errors="0">
  <testcase name="test07" time="3.979" classname="MAVENModule._SeleniumAdactinTests.TC_107"/>
</testsuite> <!-- MAVENModule._SeleniumAdactinTests.TC_107 -->
