<?xml version="1.0" encoding="UTF-8"?>
<!-- Generated by org.testng.reporters.JUnitReportReporter -->
<testsuite skipped="0" hostname="LAPTOP-MTFJEHHC" name="MAVENModule._SeleniumAdactinTests.TC_101" tests="1" failures="0" timestamp="16 Aug 2019 02:54:52 GMT" time="21.531" errors="0">
  <testcase name="tc101_verify_valid_login" time="21.531" classname="MAVENModule._SeleniumAdactinTests.TC_101"/>
</testsuite> <!-- MAVENModule._SeleniumAdactinTests.TC_101 -->
