<?xml version="1.0" encoding="UTF-8"?>
<!-- Generated by org.testng.reporters.JUnitReportReporter -->
<testsuite skipped="0" hostname="LAPTOP-MTFJEHHC" name="MAVENModule._SeleniumAdactinTests.TC_107" tests="1" failures="0" timestamp="16 Aug 2019 02:54:52 GMT" time="12.556" errors="0">
  <testcase name="test07" time="12.556" classname="MAVENModule._SeleniumAdactinTests.TC_107"/>
</testsuite> <!-- MAVENModule._SeleniumAdactinTests.TC_107 -->
