<?xml version="1.0" encoding="UTF-8"?>
<!-- Generated by org.testng.reporters.JUnitReportReporter -->
<testsuite skipped="0" hostname="LAPTOP-MTFJEHHC" name="MAVENModule.GSONPractice.JavaToJson1" tests="1" failures="0" timestamp="16 Apr 2018 09:08:02 GMT" time="0.011" errors="0">
  <testcase name="test01" time="0.011" classname="MAVENModule.GSONPractice.JavaToJson1"/>
</testsuite> <!-- MAVENModule.GSONPractice.JavaToJson1 -->
