<?xml version="1.0" encoding="UTF-8"?>
<!-- Generated by org.testng.reporters.JUnitReportReporter -->
<testsuite skipped="0" hostname="LAPTOP-MTFJEHHC" name="MAVENModule.GSONPractice.JIRACreateJSON" tests="1" failures="0" timestamp="26 Apr 2018 06:31:19 GMT" time="0.238" errors="0">
  <testcase name="test01" time="0.238" classname="MAVENModule.GSONPractice.JIRACreateJSON"/>
</testsuite> <!-- MAVENModule.GSONPractice.JIRACreateJSON -->
