<?xml version="1.0" encoding="UTF-8"?>
<!-- Generated by org.testng.reporters.JUnitReportReporter -->
<testsuite skipped="3" hostname="LAPTOP-MTFJEHHC" name="toolsqa.RestAssuredTestingTutorial" tests="4" failures="0" timestamp="01 Mar 2019 07:30:06 GMT" time="3.560" errors="0">
  <testcase name="GetWeatherDetailsResponse" time="3.560" classname="toolsqa.RestAssuredTestingTutorial"/>
  <testcase name="GetWeatherStatusLine" classname="toolsqa.RestAssuredTestingTutorial">
    <skipped/>
  </testcase> <!-- GetWeatherStatusLine -->
  <testcase name="GetWeatherDetailsInvalidCity" classname="toolsqa.RestAssuredTestingTutorial">
    <skipped/>
  </testcase> <!-- GetWeatherDetailsInvalidCity -->
  <testcase name="GetWeatherDetails" classname="toolsqa.RestAssuredTestingTutorial">
    <skipped/>
  </testcase> <!-- GetWeatherDetails -->
</testsuite> <!-- toolsqa.RestAssuredTestingTutorial -->
