<?xml version="1.0" encoding="UTF-8"?>
<!-- Generated by org.testng.reporters.JUnitReportReporter -->
<testsuite skipped="0" hostname="LAPTOP-MTFJEHHC" name="MAVENModule.RestAssuredJSONPath.RestJsonPathTest" tests="1" failures="0" timestamp="18 May 2018 08:40:48 GMT" time="5.885" errors="0">
  <testcase name="testUsers" time="5.885" classname="MAVENModule.RestAssuredJSONPath.RestJsonPathTest"/>
</testsuite> <!-- MAVENModule.RestAssuredJSONPath.RestJsonPathTest -->
