<?xml version="1.0" encoding="UTF-8"?>
<!-- Generated by org.testng.reporters.JUnitReportReporter -->
<testsuite skipped="0" hostname="LAPTOP-MTFJEHHC" name="twitter_timelines.ParseTwitterUserNode" tests="1" failures="0" timestamp="24 Jun 2018 21:07:53 GMT" time="3.866" errors="0">
  <testcase name="verifyTweetForUserTimeline" time="3.866" classname="twitter_timelines.ParseTwitterUserNode"/>
</testsuite> <!-- twitter_timelines.ParseTwitterUserNode -->
