<?xml version="1.0" encoding="UTF-8"?>
<!-- Generated by org.testng.reporters.JUnitReportReporter -->
<testsuite skipped="3" hostname="LAPTOP-MTFJEHHC" name="toolsqa.RestAssuredTestingTutorial" tests="4" failures="0" timestamp="19 Jun 2018 23:53:53 GMT" time="3.342" errors="0">
  <testcase name="GetWeatherDetailsResponse" time="3.342" classname="toolsqa.RestAssuredTestingTutorial"/>
  <testcase name="GetWeatherDetailsInvalidCity" classname="toolsqa.RestAssuredTestingTutorial">
    <skipped/>
  </testcase> <!-- GetWeatherDetailsInvalidCity -->
  <testcase name="GetWeatherStatusLine" classname="toolsqa.RestAssuredTestingTutorial">
    <skipped/>
  </testcase> <!-- GetWeatherStatusLine -->
  <testcase name="GetWeatherDetails" classname="toolsqa.RestAssuredTestingTutorial">
    <skipped/>
  </testcase> <!-- GetWeatherDetails -->
</testsuite> <!-- toolsqa.RestAssuredTestingTutorial -->
