<?xml version="1.0" encoding="UTF-8"?>
<!-- Generated by org.testng.reporters.JUnitReportReporter -->
<testsuite skipped="0" hostname="LAPTOP-MTFJEHHC" name="toolsqa.JsonPathUsage2" tests="1" failures="0" timestamp="10 Jun 2018 21:52:55 GMT" time="4.285" errors="0">
  <testcase name="JsonPathUsage2" time="4.285" classname="toolsqa.JsonPathUsage2"/>
</testsuite> <!-- toolsqa.JsonPathUsage2 -->
