<?xml version="1.0" encoding="UTF-8"?>
<!-- Generated by org.testng.reporters.JUnitReportReporter -->
<testsuite skipped="0" hostname="LAPTOP-MTFJEHHC" name="twitter_timelines.ParseTwitterUserEntitiesNode" tests="1" failures="0" timestamp="24 Jun 2018 08:17:33 GMT" time="3.461" errors="0">
  <testcase name="verifyTweetForUserTimeline" time="3.461" classname="twitter_timelines.ParseTwitterUserEntitiesNode"/>
</testsuite> <!-- twitter_timelines.ParseTwitterUserEntitiesNode -->
