<?xml version="1.0" encoding="UTF-8"?>
<!-- Generated by org.testng.reporters.JUnitReportReporter -->
<testsuite skipped="0" hostname="LAPTOP-MTFJEHHC" name="MAVENModule.RestAssuredJSONPath.RestJsonListMapTest" tests="1" failures="0" timestamp="18 May 2018 23:41:40 GMT" time="14.641" errors="0">
  <testcase name="testUsers" time="14.641" classname="MAVENModule.RestAssuredJSONPath.RestJsonListMapTest"/>
</testsuite> <!-- MAVENModule.RestAssuredJSONPath.RestJsonListMapTest -->
