<?xml version="1.0" encoding="UTF-8"?>
<!-- Generated by org.testng.reporters.JUnitReportReporter -->
<testsuite skipped="0" hostname="LAPTOP-MTFJEHHC" name="MAVENModule.RestAssuredJSONPath.JavaGsonJsonWithStoreTest" tests="1" failures="0" timestamp="18 May 2018 20:59:27 GMT" time="59.384" errors="0">
  <testcase name="listAllBookCategories" time="59.384" classname="MAVENModule.RestAssuredJSONPath.JavaGsonJsonWithStoreTest"/>
</testsuite> <!-- MAVENModule.RestAssuredJSONPath.JavaGsonJsonWithStoreTest -->
