<?xml version="1.0" encoding="UTF-8"?>
<!-- Generated by org.testng.reporters.JUnitReportReporter -->
<testsuite skipped="0" hostname="LAPTOP-MTFJEHHC" name="twitter_timelines.ParseTwitterUserNode2" tests="1" failures="0" timestamp="23 Jun 2018 17:23:57 GMT" time="3.398" errors="0">
  <testcase name="verifyTweetForUserTimeline" time="3.398" classname="twitter_timelines.ParseTwitterUserNode2"/>
</testsuite> <!-- twitter_timelines.ParseTwitterUserNode2 -->
