<?xml version="1.0" encoding="UTF-8"?>
<!-- Generated by org.testng.reporters.JUnitReportReporter -->
<testsuite skipped="0" hostname="LAPTOP-MTFJEHHC" name="sff2.GoogleSmokeTestEdgeAdapted" tests="4" failures="0" timestamp="18 May 2019 05:54:21 GMT" time="24.145" errors="0">
  <testcase name="googleSmokeTest" time="8.439" classname="sff2.GoogleSmokeTestEdgeAdapted"/>
  <testcase name="googleSmokeTest" time="5.206" classname="sff2.GoogleSmokeTestEdgeAdapted"/>
  <testcase name="googleSmokeTest" time="5.255" classname="sff2.GoogleSmokeTestEdgeAdapted"/>
  <testcase name="googleSmokeTest" time="5.245" classname="sff2.GoogleSmokeTestEdgeAdapted"/>
</testsuite> <!-- sff2.GoogleSmokeTestEdgeAdapted -->
