<?xml version="1.0" encoding="UTF-8"?>
<!-- Generated by org.testng.reporters.JUnitReportReporter -->
<testsuite skipped="0" hostname="LAPTOP-MTFJEHHC" name="sff8.GoogleSmokeTest" tests="2" failures="0" timestamp="15 Jul 2019 19:27:15 GMT" time="26.031" errors="0">
  <testcase name="googleSmokeTest" time="12.444" classname="sff8.GoogleSmokeTest"/>
  <testcase name="googleSmokeTest" time="13.587" classname="sff8.GoogleSmokeTest"/>
</testsuite> <!-- sff8.GoogleSmokeTest -->
