<?xml version="1.0" encoding="UTF-8"?>
<!-- Generated by org.testng.reporters.JUnitReportReporter -->
<testsuite skipped="0" hostname="LAPTOP-MTFJEHHC" name="sff10.GoogleSmokeTest" tests="3" failures="0" timestamp="18 Jun 2019 07:16:02 GMT" time="76.563" errors="0">
  <testcase name="googleSmokeTest" time="23.651" classname="sff10.GoogleSmokeTest"/>
  <testcase name="googleSmokeTest" time="25.151" classname="sff10.GoogleSmokeTest"/>
  <testcase name="googleSmokeTest" time="27.761" classname="sff10.GoogleSmokeTest"/>
</testsuite> <!-- sff10.GoogleSmokeTest -->
