<?xml version="1.0" encoding="UTF-8"?>
<!-- Generated by org.testng.reporters.JUnitReportReporter -->
<testsuite skipped="0" hostname="LAPTOP-MTFJEHHC" name="sff8.GoogleSmokeTest" tests="2" failures="0" timestamp="06 Jun 2019 10:11:32 GMT" time="26.654" errors="0">
  <testcase name="googleSmokeTest" time="12.677" classname="sff8.GoogleSmokeTest"/>
  <testcase name="googleSmokeTest" time="13.977" classname="sff8.GoogleSmokeTest"/>
</testsuite> <!-- sff8.GoogleSmokeTest -->
