<?xml version="1.0" encoding="UTF-8"?>
<!-- Generated by org.testng.reporters.JUnitReportReporter -->
<testsuite skipped="0" hostname="LAPTOP-MTFJEHHC" name="sff5.GoogleSmokeTest" tests="4" failures="0" timestamp="21 May 2019 06:18:47 GMT" time="102.537" errors="0">
  <testcase name="htSeleniumQAdemo" time="24.392" classname="sff5.GoogleSmokeTest"/>
  <testcase name="htSeleniumQAdemo" time="23.936" classname="sff5.GoogleSmokeTest"/>
  <testcase name="htSeleniumQAdemo" time="27.052" classname="sff5.GoogleSmokeTest"/>
  <testcase name="htSeleniumQAdemo" time="27.157" classname="sff5.GoogleSmokeTest"/>
</testsuite> <!-- sff5.GoogleSmokeTest -->
