<?xml version="1.0" encoding="UTF-8"?>
<!-- Generated by org.testng.reporters.JUnitReportReporter -->
<testsuite skipped="0" hostname="LAPTOP-MTFJEHHC" name="sff5.GoogleSmokeTest" tests="4" failures="0" timestamp="25 May 2019 04:49:43 GMT" time="187.486" errors="0">
  <testcase name="htSeleniumQAdemo" time="47.033" classname="sff5.GoogleSmokeTest"/>
  <testcase name="htSeleniumQAdemo" time="48.389" classname="sff5.GoogleSmokeTest"/>
  <testcase name="htSeleniumQAdemo" time="44.050" classname="sff5.GoogleSmokeTest"/>
  <testcase name="htSeleniumQAdemo" time="48.014" classname="sff5.GoogleSmokeTest"/>
</testsuite> <!-- sff5.GoogleSmokeTest -->
