<?xml version="1.0" encoding="UTF-8"?>
<!-- Generated by org.testng.reporters.JUnitReportReporter -->
<testsuite skipped="0" hostname="LAPTOP-MTFJEHHC" name="sff1.GoogleSmokeTest" tests="3" failures="0" timestamp="18 May 2019 08:53:02 GMT" time="33.016" errors="0">
  <testcase name="test01" time="12.350" classname="sff1.GoogleSmokeTest"/>
  <testcase name="test01" time="11.086" classname="sff1.GoogleSmokeTest"/>
  <testcase name="test01" time="9.580" classname="sff1.GoogleSmokeTest"/>
</testsuite> <!-- sff1.GoogleSmokeTest -->
