<?xml version="1.0" encoding="UTF-8"?>
<!-- Generated by org.testng.reporters.JUnitReportReporter -->
<testsuite skipped="0" hostname="LAPTOP-MTFJEHHC" name="sff3.GoogleSmokeTest" tests="3" failures="0" timestamp="18 May 2019 08:56:19 GMT" time="30.791" errors="0">
  <testcase name="googleSearchTest" time="10.820" classname="sff3.GoogleSmokeTest"/>
  <testcase name="googleSearchTest" time="8.859" classname="sff3.GoogleSmokeTest"/>
  <testcase name="googleSearchTest" time="11.112" classname="sff3.GoogleSmokeTest"/>
</testsuite> <!-- sff3.GoogleSmokeTest -->
