<?xml version="1.0" encoding="UTF-8"?>
<!-- Generated by org.testng.reporters.JUnitReportReporter -->
<testsuite skipped="0" hostname="LAPTOP-MTFJEHHC" name="sff1.GoogleSmokeTest" tests="3" failures="0" timestamp="14 Apr 2018 05:39:05 GMT" time="52.524" errors="0">
  <testcase name="test01" time="19.865" classname="sff1.GoogleSmokeTest"/>
  <testcase name="test01" time="23.175" classname="sff1.GoogleSmokeTest"/>
  <testcase name="test01" time="9.484" classname="sff1.GoogleSmokeTest"/>
</testsuite> <!-- sff1.GoogleSmokeTest -->
