<?xml version="1.0" encoding="UTF-8"?>
<!-- Generated by org.testng.reporters.JUnitReportReporter -->
<testsuite skipped="0" hostname="LAPTOP-MTFJEHHC" name="sff8.GoogleSmokeTest" tests="2" failures="0" timestamp="30 Jul 2019 05:34:09 GMT" time="32.936" errors="0">
  <testcase name="googleSmokeTest" time="17.025" classname="sff8.GoogleSmokeTest"/>
  <testcase name="googleSmokeTest" time="15.911" classname="sff8.GoogleSmokeTest"/>
</testsuite> <!-- sff8.GoogleSmokeTest -->
