<?xml version="1.0" encoding="UTF-8"?>
<!-- Generated by org.testng.reporters.JUnitReportReporter -->
<testsuite skipped="0" hostname="LAPTOP-MTFJEHHC" name="sff1.GoogleSmokeTest" tests="3" failures="0" timestamp="01 Mar 2019 08:18:27 GMT" time="36.303" errors="0">
  <testcase name="test01" time="15.902" classname="sff1.GoogleSmokeTest"/>
  <testcase name="test01" time="10.599" classname="sff1.GoogleSmokeTest"/>
  <testcase name="test01" time="9.802" classname="sff1.GoogleSmokeTest"/>
</testsuite> <!-- sff1.GoogleSmokeTest -->
