<?xml version="1.0" encoding="UTF-8"?>
<!-- Generated by org.testng.reporters.JUnitReportReporter -->
<testsuite skipped="0" hostname="LAPTOP-MTFJEHHC" name="sff6.GoogleSmokeTest" tests="4" failures="0" timestamp="27 May 2019 06:05:57 GMT" time="161.669" errors="0">
  <testcase name="googleSmokeTest" time="35.359" classname="sff6.GoogleSmokeTest"/>
  <testcase name="googleSmokeTest" time="41.416" classname="sff6.GoogleSmokeTest"/>
  <testcase name="googleSmokeTest" time="41.388" classname="sff6.GoogleSmokeTest"/>
  <testcase name="googleSmokeTest" time="43.506" classname="sff6.GoogleSmokeTest"/>
</testsuite> <!-- sff6.GoogleSmokeTest -->
