<?xml version="1.0" encoding="UTF-8"?>
<!-- Generated by org.testng.reporters.JUnitReportReporter -->
<testsuite skipped="0" hostname="LAPTOP-MTFJEHHC" name="sff2.GoogleSmokeTest" tests="4" failures="0" timestamp="16 Apr 2019 23:25:57 GMT" time="258.462" errors="0">
  <testcase name="googleSmokeTest" time="60.248" classname="sff2.GoogleSmokeTest"/>
  <testcase name="googleSmokeTest" time="57.511" classname="sff2.GoogleSmokeTest"/>
  <testcase name="googleSmokeTest" time="78.041" classname="sff2.GoogleSmokeTest"/>
  <testcase name="googleSmokeTest" time="62.662" classname="sff2.GoogleSmokeTest"/>
</testsuite> <!-- sff2.GoogleSmokeTest -->
