<?xml version="1.0" encoding="UTF-8"?>
<!-- Generated by org.testng.reporters.JUnitReportReporter -->
<testsuite skipped="0" hostname="LAPTOP-MTFJEHHC" name="sff7.GoogleSmokeTest" tests="3" failures="0" timestamp="04 Jun 2019 07:13:05 GMT" time="110.941" errors="0">
  <testcase name="googleSmokeTest" time="47.274" classname="sff7.GoogleSmokeTest"/>
  <testcase name="googleSmokeTest" time="31.143" classname="sff7.GoogleSmokeTest"/>
  <testcase name="googleSmokeTest" time="32.524" classname="sff7.GoogleSmokeTest"/>
</testsuite> <!-- sff7.GoogleSmokeTest -->
