<?xml version="1.0" encoding="UTF-8"?>
<!-- Generated by org.testng.reporters.JUnitReportReporter -->
<testsuite skipped="0" hostname="LAPTOP-MTFJEHHC" name="sff2.GoogleSmokeTest2" tests="3" failures="0" timestamp="14 Apr 2018 05:40:09 GMT" time="94.842" errors="0">
  <testcase name="googleSmokeTest" time="44.519" classname="sff2.GoogleSmokeTest2"/>
  <testcase name="googleSmokeTest" time="17.279" classname="sff2.GoogleSmokeTest2"/>
  <testcase name="googleSmokeTest" time="33.044" classname="sff2.GoogleSmokeTest2"/>
</testsuite> <!-- sff2.GoogleSmokeTest2 -->
