<?xml version="1.0" encoding="UTF-8"?>
<!-- Generated by org.testng.reporters.JUnitReportReporter -->
<testsuite skipped="0" hostname="LAPTOP-MTFJEHHC" name="sff2.GoogleSmokeTest" tests="4" failures="0" timestamp="01 Mar 2019 08:17:12 GMT" time="146.065" errors="0">
  <testcase name="googleSmokeTest" time="36.334" classname="sff2.GoogleSmokeTest"/>
  <testcase name="googleSmokeTest" time="36.217" classname="sff2.GoogleSmokeTest"/>
  <testcase name="googleSmokeTest" time="35.949" classname="sff2.GoogleSmokeTest"/>
  <testcase name="googleSmokeTest" time="37.565" classname="sff2.GoogleSmokeTest"/>
</testsuite> <!-- sff2.GoogleSmokeTest -->
