<?xml version="1.0" encoding="UTF-8"?>
<!-- Generated by org.testng.reporters.JUnitReportReporter -->
<testsuite skipped="0" hostname="LAPTOP-MTFJEHHC" name="sff2.GoogleSmokeTest" tests="4" failures="0" timestamp="01 Nov 2018 05:37:22 GMT" time="142.597" errors="0">
  <testcase name="googleSmokeTest" time="31.178" classname="sff2.GoogleSmokeTest"/>
  <testcase name="googleSmokeTest" time="46.889" classname="sff2.GoogleSmokeTest"/>
  <testcase name="googleSmokeTest" time="30.273" classname="sff2.GoogleSmokeTest"/>
  <testcase name="googleSmokeTest" time="34.257" classname="sff2.GoogleSmokeTest"/>
</testsuite> <!-- sff2.GoogleSmokeTest -->
