<?xml version="1.0" encoding="UTF-8"?>
<!-- Generated by org.testng.reporters.JUnitReportReporter -->
<testsuite skipped="0" hostname="LAPTOP-MTFJEHHC" name="sffb9.GoogleSmokeTest" tests="2" failures="0" timestamp="30 Jul 2019 17:58:36 GMT" time="96.667" errors="0">
  <testcase name="googleSmokeTest" time="47.653" classname="sffb9.GoogleSmokeTest"/>
  <testcase name="googleSmokeTest" time="49.014" classname="sffb9.GoogleSmokeTest"/>
</testsuite> <!-- sffb9.GoogleSmokeTest -->
