<?xml version="1.0" encoding="UTF-8"?>
<!-- Generated by org.testng.reporters.JUnitReportReporter -->
<testsuite hostname="LAPTOP-MTFJEHHC" failures="0" tests="3" name="APIAutomation.SeleniumSmokeTest.GoogleSmokeTest" time="34.605" errors="0" timestamp="08 Apr 2018 10:47:58 GMT" skipped="0">
  <testcase classname="APIAutomation.SeleniumSmokeTest.GoogleSmokeTest" name="test01" time="10.306"/>
  <testcase classname="APIAutomation.SeleniumSmokeTest.GoogleSmokeTest" name="test01" time="10.264"/>
  <testcase classname="APIAutomation.SeleniumSmokeTest.GoogleSmokeTest" name="test01" time="14.035"/>
</testsuite> <!-- APIAutomation.SeleniumSmokeTest.GoogleSmokeTest -->
