<?xml version="1.0" encoding="UTF-8"?>
<!-- Generated by org.testng.reporters.JUnitReportReporter -->
<testsuite skipped="0" hostname="LAPTOP-MTFJEHHC" name="sff4.GoogleSmokeTest" tests="2" failures="0" timestamp="21 May 2019 04:24:21 GMT" time="43.874" errors="0">
  <testcase name="googleSmokeTest" time="34.916" classname="sff4.GoogleSmokeTest"/>
  <testcase name="googleSmokeTest" time="8.958" classname="sff4.GoogleSmokeTest"/>
</testsuite> <!-- sff4.GoogleSmokeTest -->
