<?xml version="1.0" encoding="UTF-8"?>
<!-- Generated by org.testng.reporters.JUnitReportReporter -->
<testsuite skipped="0" hostname="LAPTOP-MTFJEHHC" name="sff2.GoogleSmokeTest" tests="4" failures="0" timestamp="09 Mar 2019 04:26:52 GMT" time="553.431" errors="0">
  <testcase name="googleSmokeTest" time="137.011" classname="sff2.GoogleSmokeTest"/>
  <testcase name="googleSmokeTest" time="137.541" classname="sff2.GoogleSmokeTest"/>
  <testcase name="googleSmokeTest" time="139.587" classname="sff2.GoogleSmokeTest"/>
  <testcase name="googleSmokeTest" time="139.292" classname="sff2.GoogleSmokeTest"/>
</testsuite> <!-- sff2.GoogleSmokeTest -->
