<?xml version="1.0" encoding="UTF-8"?>
<!-- Generated by org.testng.reporters.JUnitReportReporter -->
<testsuite skipped="0" hostname="LAPTOP-MTFJEHHC" name="sff10.GoogleSmokeTest" tests="3" failures="0" timestamp="05 Aug 2019 07:14:30 GMT" time="103.542" errors="0">
  <testcase name="googleSmokeTest" time="35.208" classname="sff10.GoogleSmokeTest"/>
  <testcase name="googleSmokeTest" time="32.732" classname="sff10.GoogleSmokeTest"/>
  <testcase name="googleSmokeTest" time="35.602" classname="sff10.GoogleSmokeTest"/>
</testsuite> <!-- sff10.GoogleSmokeTest -->
