<?xml version="1.0" encoding="UTF-8"?>
<!-- Generated by org.testng.reporters.JUnitReportReporter -->
<testsuite skipped="0" hostname="LAPTOP-MTFJEHHC" name="MAVENModule.JavaPractice.JavaPractice" tests="1" failures="0" timestamp="16 Apr 2018 06:50:39 GMT" time="0.017" errors="0">
  <testcase name="hello" time="0.017" classname="MAVENModule.JavaPractice.JavaPractice"/>
</testsuite> <!-- MAVENModule.JavaPractice.JavaPractice -->
