<?xml version="1.0" encoding="UTF-8"?>
<!-- Generated by org.testng.reporters.JUnitReportReporter -->
<testsuite skipped="0" hostname="LAPTOP-MTFJEHHC" name="MAVENModule.JavaPractice.HelloWorld" tests="1" failures="0" timestamp="16 Apr 2018 06:00:20 GMT" time="0.014" errors="0">
  <testcase name="hello" time="0.014" classname="MAVENModule.JavaPractice.HelloWorld"/>
</testsuite> <!-- MAVENModule.JavaPractice.HelloWorld -->
