<?xml version="1.0" encoding="UTF-8"?>
<!-- Generated by org.testng.reporters.JUnitReportReporter -->
<testsuite skipped="0" hostname="LAPTOP-MTFJEHHC" name="MAVENModule.path.json.JsonPathDetailedPractice.JsonPath_Twit_ErrorObj" tests="1" failures="0" timestamp="10 May 2018 21:48:14 GMT" time="1.114" errors="0">
  <testcase name="main" time="1.114" classname="MAVENModule.path.json.JsonPathDetailedPractice.JsonPath_Twit_ErrorObj"/>
</testsuite> <!-- MAVENModule.path.json.JsonPathDetailedPractice.JsonPath_Twit_ErrorObj -->
