<?xml version="1.0" encoding="UTF-8"?>
<!-- Generated by org.testng.reporters.JUnitReportReporter -->
<testsuite skipped="0" hostname="LAPTOP-MTFJEHHC" name="MAVENModule.path.json.JsonPathDetailedPractice.JSON_Data_Store" tests="1" failures="0" timestamp="17 May 2018 20:26:38 GMT" time="1.538" errors="0">
  <testcase name="listAllBookCategories" time="1.538" classname="MAVENModule.path.json.JsonPathDetailedPractice.JSON_Data_Store"/>
</testsuite> <!-- MAVENModule.path.json.JsonPathDetailedPractice.JSON_Data_Store -->
