<?xml version="1.0" encoding="UTF-8"?>
<!-- Generated by org.testng.reporters.JUnitReportReporter -->
<testsuite skipped="0" hostname="LAPTOP-MTFJEHHC" name="MAVENModule.path.json.JsonPathDetailedPractice.JSON_With_List_Store" tests="1" failures="0" timestamp="18 May 2018 09:02:44 GMT" time="1.363" errors="0">
  <testcase name="listAllBookCategories" time="1.363" classname="MAVENModule.path.json.JsonPathDetailedPractice.JSON_With_List_Store"/>
</testsuite> <!-- MAVENModule.path.json.JsonPathDetailedPractice.JSON_With_List_Store -->
