<?xml version="1.0" encoding="UTF-8"?>
<!-- Generated by org.testng.reporters.JUnitReportReporter -->
<testsuite skipped="0" hostname="LAPTOP-MTFJEHHC" name="MAVENModule.path.json.JsonPathWith.JSON_With_Twitter_Error" tests="1" failures="0" timestamp="01 Mar 2019 07:27:06 GMT" time="1.349" errors="0">
  <testcase name="createAndParseJsonErrorData" time="1.349" classname="MAVENModule.path.json.JsonPathWith.JSON_With_Twitter_Error"/>
</testsuite> <!-- MAVENModule.path.json.JsonPathWith.JSON_With_Twitter_Error -->
