<?xml version="1.0" encoding="UTF-8"?>
<!-- Generated by org.testng.reporters.JUnitReportReporter -->
<testsuite skipped="0" hostname="LAPTOP-MTFJEHHC" name="MAVENModule.path.json.JsonPathWith.JSON_With_List_Store" tests="1" failures="0" timestamp="30 May 2018 06:07:14 GMT" time="1.472" errors="0">
  <testcase name="listAllBookCategories" time="1.472" classname="MAVENModule.path.json.JsonPathWith.JSON_With_List_Store"/>
</testsuite> <!-- MAVENModule.path.json.JsonPathWith.JSON_With_List_Store -->
