<?xml version="1.0" encoding="UTF-8"?>
<!-- Generated by org.testng.reporters.JUnitReportReporter -->
<testsuite skipped="0" hostname="LAPTOP-MTFJEHHC" name="MAVENModule.path.json.JsonPathDetailedPractice.JSON_Twitter_Error" tests="1" failures="0" timestamp="17 May 2018 06:40:37 GMT" time="1.704" errors="0">
  <testcase name="main" time="1.704" classname="MAVENModule.path.json.JsonPathDetailedPractice.JSON_Twitter_Error"/>
</testsuite> <!-- MAVENModule.path.json.JsonPathDetailedPractice.JSON_Twitter_Error -->
