<?xml version="1.0" encoding="UTF-8"?>
<!-- Generated by org.testng.reporters.JUnitReportReporter -->
<testsuite skipped="0" hostname="LAPTOP-MTFJEHHC" name="practice.GetTweets" tests="1" failures="0" timestamp="06 May 2018 04:58:45 GMT" time="6.660" errors="0">
  <testcase name="verifyTweetForUserTimeline" time="6.660" classname="practice.GetTweets"/>
</testsuite> <!-- practice.GetTweets -->
