<?xml version="1.0" encoding="UTF-8"?>
<!-- Generated by org.testng.reporters.JUnitReportReporter -->
<testsuite skipped="0" hostname="LAPTOP-MTFJEHHC" name="APIAutomation.IORestAssuredBuild.likes.GetMaelleFavorites" tests="1" failures="0" timestamp="15 May 2018 10:09:06 GMT" time="6.785" errors="0">
  <testcase name="getFavoritesList" time="6.785" classname="APIAutomation.IORestAssuredBuild.likes.GetMaelleFavorites"/>
</testsuite> <!-- APIAutomation.IORestAssuredBuild.likes.GetMaelleFavorites -->
