<?xml version="1.0" encoding="UTF-8"?>
<!-- Generated by org.testng.reporters.JUnitReportReporter -->
<testsuite skipped="0" hostname="LAPTOP-MTFJEHHC" name="APIAutomation.IORestAssuredBuild.tweet_timelines.user_timeline.GetUserTimeline" tests="1" failures="0" timestamp="10 May 2018 21:49:41 GMT" time="5.742" errors="0">
  <testcase name="verifyTweetForUserTimeline" time="5.742" classname="APIAutomation.IORestAssuredBuild.tweet_timelines.user_timeline.GetUserTimeline"/>
</testsuite> <!-- APIAutomation.IORestAssuredBuild.tweet_timelines.user_timeline.GetUserTimeline -->
