<?xml version="1.0" encoding="UTF-8"?>
<!-- Generated by org.testng.reporters.JUnitReportReporter -->
<testsuite skipped="0" hostname="LAPTOP-MTFJEHHC" name="htrestmff1.GetAUserTimeline_DailyVersion" tests="1" failures="0" timestamp="30 May 2019 01:12:35 GMT" time="4.750" errors="0">
  <testcase name="verifyTweetForUserTimeline" time="4.750" classname="htrestmff1.GetAUserTimeline_DailyVersion"/>
</testsuite> <!-- htrestmff1.GetAUserTimeline_DailyVersion -->
