<?xml version="1.0" encoding="UTF-8"?>
<!-- Generated by org.testng.reporters.JUnitReportReporter -->
<testsuite skipped="0" hostname="LAPTOP-MTFJEHHC" name="endtoend_tests.GetDirectMessages" tests="1" failures="0" timestamp="18 May 2018 07:45:50 GMT" time="2.799" errors="0">
  <testcase name="getDMs" time="2.799" classname="endtoend_tests.GetDirectMessages"/>
</testsuite> <!-- endtoend_tests.GetDirectMessages -->
