<?xml version="1.0" encoding="UTF-8"?>
<!-- Generated by org.testng.reporters.JUnitReportReporter -->
<testsuite skipped="0" hostname="LAPTOP-MTFJEHHC" name="APIAutomation.IORestAssuredBuild.tweet_timelines.home_timeline.GetHomeTimeline" tests="1" failures="0" timestamp="08 May 2018 23:59:57 GMT" time="3.019" errors="0">
  <testcase name="verifyTweetForUserTimeline" time="3.019" classname="APIAutomation.IORestAssuredBuild.tweet_timelines.home_timeline.GetHomeTimeline"/>
</testsuite> <!-- APIAutomation.IORestAssuredBuild.tweet_timelines.home_timeline.GetHomeTimeline -->
