<?xml version="1.0" encoding="UTF-8"?>
<!-- Generated by org.testng.reporters.JUnitReportReporter -->
<testsuite skipped="0" hostname="LAPTOP-MTFJEHHC" name="APIAutomation.IORestAssuredBuild._GET.GetFavorites" tests="1" failures="0" timestamp="06 May 2018 07:31:26 GMT" time="3.253" errors="0">
  <testcase name="getFavoritesList" time="3.253" classname="APIAutomation.IORestAssuredBuild._GET.GetFavorites"/>
</testsuite> <!-- APIAutomation.IORestAssuredBuild._GET.GetFavorites -->
