<?xml version="1.0" encoding="UTF-8"?>
<!-- Generated by org.testng.reporters.JUnitReportReporter -->
<testsuite skipped="0" hostname="LAPTOP-MTFJEHHC" name="APIAutomation.IORestAssuredBuild._GET.GetTweets" tests="1" failures="0" timestamp="06 May 2018 08:14:57 GMT" time="2.986" errors="0">
  <testcase name="verifyTweetForUserTimeline" time="2.986" classname="APIAutomation.IORestAssuredBuild._GET.GetTweets"/>
</testsuite> <!-- APIAutomation.IORestAssuredBuild._GET.GetTweets -->
