<?xml version="1.0" encoding="UTF-8"?>
<!-- Generated by org.testng.reporters.JUnitReportReporter -->
<testsuite skipped="0" hostname="LAPTOP-MTFJEHHC" name="APIAutomation.IORestAssuredBuild.tweet_timelines.user_timeline.GetUserTimeline_bringin_da_boom" tests="1" failures="0" timestamp="26 May 2018 01:44:47 GMT" time="4.828" errors="0">
  <testcase name="verifyTweetForUserTimeline" time="4.828" classname="APIAutomation.IORestAssuredBuild.tweet_timelines.user_timeline.GetUserTimeline_bringin_da_boom"/>
</testsuite> <!-- APIAutomation.IORestAssuredBuild.tweet_timelines.user_timeline.GetUserTimeline_bringin_da_boom -->
