<?xml version="1.0" encoding="UTF-8"?>
<!-- Generated by org.testng.reporters.JUnitReportReporter -->
<testsuite skipped="0" hostname="LAPTOP-MTFJEHHC" name="APIAutomation.IORestAssuredBuild.tweet_timelines.mentions_timeline.GetTwitterMentions" tests="1" failures="0" timestamp="21 Jun 2018 05:48:58 GMT" time="10.150" errors="0">
  <testcase name="verifyTweetForUserTimeline" time="10.150" classname="APIAutomation.IORestAssuredBuild.tweet_timelines.mentions_timeline.GetTwitterMentions"/>
</testsuite> <!-- APIAutomation.IORestAssuredBuild.tweet_timelines.mentions_timeline.GetTwitterMentions -->
