<?xml version="1.0" encoding="UTF-8"?>
<!-- Generated by org.testng.reporters.JUnitReportReporter -->
<testsuite skipped="0" hostname="LAPTOP-MTFJEHHC" name="JSON.JsonTest" tests="1" failures="0" timestamp="16 Apr 2018 07:31:44 GMT" time="0.092" errors="0">
  <testcase name="createJsonObj" time="0.092" classname="JSON.JsonTest"/>
</testsuite> <!-- JSON.JsonTest -->
