<?xml version="1.0" encoding="UTF-8"?>
<!-- Generated by org.testng.reporters.JUnitReportReporter -->
<testsuite skipped="0" hostname="LAPTOP-MTFJEHHC" name="APIAutomation.IORestAssuredBuild.likes.GetAlmaFavorites" tests="1" failures="0" timestamp="18 May 2018 07:14:26 GMT" time="5.594" errors="0">
  <testcase name="getFavoritesList" time="5.594" classname="APIAutomation.IORestAssuredBuild.likes.GetAlmaFavorites"/>
</testsuite> <!-- APIAutomation.IORestAssuredBuild.likes.GetAlmaFavorites -->
