<?xml version="1.0" encoding="UTF-8"?>
<!-- Generated by org.testng.reporters.JUnitReportReporter -->
<testsuite skipped="0" hostname="LAPTOP-MTFJEHHC" name="APIAutomation.IORestAssuredBuild.likes.GetSriNithyananda" tests="1" failures="0" timestamp="16 May 2018 06:09:07 GMT" time="5.429" errors="0">
  <testcase name="getFavoritesList" time="5.429" classname="APIAutomation.IORestAssuredBuild.likes.GetSriNithyananda"/>
</testsuite> <!-- APIAutomation.IORestAssuredBuild.likes.GetSriNithyananda -->
