<?xml version="1.0" encoding="UTF-8"?>
<!-- Generated by org.testng.reporters.JUnitReportReporter -->
<testsuite skipped="0" hostname="LAPTOP-MTFJEHHC" name="APIAutomation.IORestAssuredBuild.likes.GetAlmaFavorites" tests="1" failures="0" timestamp="15 May 2018 09:58:15 GMT" time="7.762" errors="0">
  <testcase name="getFavoritesList" time="7.762" classname="APIAutomation.IORestAssuredBuild.likes.GetAlmaFavorites"/>
</testsuite> <!-- APIAutomation.IORestAssuredBuild.likes.GetAlmaFavorites -->
