<?xml version="1.0" encoding="UTF-8"?>
<!-- Generated by org.testng.reporters.JUnitReportReporter -->
<testsuite skipped="0" hostname="LAPTOP-MTFJEHHC" name="APIAutomation.IORestAssuredBuild.tweet_timelines.mentions_timeline.GetTwitterMentions" tests="1" failures="0" timestamp="18 May 2018 08:18:47 GMT" time="3.721" errors="0">
  <testcase name="verifyTweetForUserTimeline" time="3.721" classname="APIAutomation.IORestAssuredBuild.tweet_timelines.mentions_timeline.GetTwitterMentions"/>
</testsuite> <!-- APIAutomation.IORestAssuredBuild.tweet_timelines.mentions_timeline.GetTwitterMentions -->
