<?xml version="1.0" encoding="UTF-8"?>
<!-- Generated by org.testng.reporters.JUnitReportReporter -->
<testsuite skipped="0" hostname="LAPTOP-MTFJEHHC" name="APIAutomation.IORestAssuredBuild.tweet_timelines.user_timeline.GetAUserTimeline" tests="1" failures="0" timestamp="10 Jun 2018 19:40:04 GMT" time="4.682" errors="0">
  <testcase name="verifyTweetForUserTimeline" time="4.682" classname="APIAutomation.IORestAssuredBuild.tweet_timelines.user_timeline.GetAUserTimeline"/>
</testsuite> <!-- APIAutomation.IORestAssuredBuild.tweet_timelines.user_timeline.GetAUserTimeline -->
