<?xml version="1.0" encoding="UTF-8"?>
<!-- Generated by org.testng.reporters.JUnitReportReporter -->
<testsuite skipped="0" hostname="LAPTOP-MTFJEHHC" name="APIAutomation.IORestAssuredBuild.tweet_timelines.mentions_timeline.GetTwitterMentions" tests="1" failures="0" timestamp="08 May 2018 21:48:41 GMT" time="3.613" errors="0">
  <testcase name="getFavoritesList" time="3.613" classname="APIAutomation.IORestAssuredBuild.tweet_timelines.mentions_timeline.GetTwitterMentions"/>
</testsuite> <!-- APIAutomation.IORestAssuredBuild.tweet_timelines.mentions_timeline.GetTwitterMentions -->
