<?xml version="1.0" encoding="UTF-8"?>
<!-- Generated by org.testng.reporters.JUnitReportReporter -->
<testsuite skipped="1" hostname="LAPTOP-MTFJEHHC" name="APIAutomation.IORestAssuredBuild.tweets.POST_statuses_update.CreateTweet" tests="2" failures="0" timestamp="16 May 2018 06:23:54 GMT" time="3.442" errors="0">
  <testcase name="verifyTweetForUserTimeline" time="3.442" classname="APIAutomation.IORestAssuredBuild.tweets.POST_statuses_update.CreateTweet"/>
  <testcase name="verifyFailForSendingNoTweet" classname="APIAutomation.IORestAssuredBuild.tweets.POST_statuses_update.CreateTweet">
    <skipped/>
  </testcase> <!-- verifyFailForSendingNoTweet -->
</testsuite> <!-- APIAutomation.IORestAssuredBuild.tweets.POST_statuses_update.CreateTweet -->
