<?xml version="1.0" encoding="UTF-8"?>
<!-- Generated by org.testng.reporters.JUnitReportReporter -->
<testsuite skipped="0" hostname="LAPTOP-MTFJEHHC" name="APIAutomation.IORestAssuredBuild.tweet_timelines.user_timeline.GetUserTimeline" tests="1" failures="0" timestamp="16 May 2018 06:26:08 GMT" time="4.147" errors="0">
  <testcase name="verifyTweetForUserTimeline" time="4.147" classname="APIAutomation.IORestAssuredBuild.tweet_timelines.user_timeline.GetUserTimeline"/>
</testsuite> <!-- APIAutomation.IORestAssuredBuild.tweet_timelines.user_timeline.GetUserTimeline -->
