<?xml version="1.0" encoding="UTF-8"?>
<!-- Generated by org.testng.reporters.JUnitReportReporter -->
<testsuite skipped="0" hostname="LAPTOP-MTFJEHHC" name="APIAutomation.IORestAssuredBuild.GetTweets" tests="1" failures="0" timestamp="06 May 2018 03:41:40 GMT" time="4.872" errors="0">
  <testcase name="getTweets" time="4.872" classname="APIAutomation.IORestAssuredBuild.GetTweets"/>
</testsuite> <!-- APIAutomation.IORestAssuredBuild.GetTweets -->
