<?xml version="1.0" encoding="UTF-8"?>
<!-- Generated by org.testng.reporters.JUnitReportReporter -->
<testsuite skipped="0" hostname="LAPTOP-MTFJEHHC" name="APIAutomation.IORestAssuredBuild.tweet_timelines.mentions_timeline.GetTwitterMentions" tests="1" failures="0" timestamp="16 May 2018 06:10:28 GMT" time="3.823" errors="0">
  <testcase name="getFavoritesList" time="3.823" classname="APIAutomation.IORestAssuredBuild.tweet_timelines.mentions_timeline.GetTwitterMentions"/>
</testsuite> <!-- APIAutomation.IORestAssuredBuild.tweet_timelines.mentions_timeline.GetTwitterMentions -->
