<?xml version="1.0" encoding="UTF-8"?>
<!-- Generated by org.testng.reporters.JUnitReportReporter -->
<testsuite skipped="0" hostname="LAPTOP-MTFJEHHC" name="APIAutomation.IORestAssuredBuild.tweet_timelines.user_timeline.GetAUserTimeline" tests="1" failures="0" timestamp="22 Mar 2019 01:01:47 GMT" time="5.520" errors="0">
  <testcase name="verifyTweetForUserTimeline" time="5.520" classname="APIAutomation.IORestAssuredBuild.tweet_timelines.user_timeline.GetAUserTimeline"/>
</testsuite> <!-- APIAutomation.IORestAssuredBuild.tweet_timelines.user_timeline.GetAUserTimeline -->
