<?xml version="1.0" encoding="UTF-8"?>
<!-- Generated by org.testng.reporters.JUnitReportReporter -->
<testsuite skipped="0" hostname="LAPTOP-MTFJEHHC" name="APIAutomation.IORestAssuredBuild._GET.GetTwitterMentions" tests="1" failures="0" timestamp="06 May 2018 08:25:59 GMT" time="3.077" errors="0">
  <testcase name="getFavoritesList" time="3.077" classname="APIAutomation.IORestAssuredBuild._GET.GetTwitterMentions"/>
</testsuite> <!-- APIAutomation.IORestAssuredBuild._GET.GetTwitterMentions -->
