<?xml version="1.0" encoding="UTF-8"?>
<!-- Generated by org.testng.reporters.JUnitReportReporter -->
<testsuite skipped="0" hostname="LAPTOP-MTFJEHHC" name="_GET_.GetFavorites" tests="1" failures="0" timestamp="06 May 2018 06:31:38 GMT" time="3.006" errors="0">
  <testcase name="getFavoritesList" time="3.006" classname="_GET_.GetFavorites"/>
</testsuite> <!-- _GET_.GetFavorites -->
