<?xml version="1.0" encoding="UTF-8"?>
<!-- Generated by org.testng.reporters.JUnitReportReporter -->
<testsuite skipped="0" hostname="LAPTOP-MTFJEHHC" name="APIAutomation.IORestAssuredBuild.likes.GetPontiflex" tests="1" failures="0" timestamp="15 May 2018 10:29:16 GMT" time="7.348" errors="0">
  <testcase name="getFavoritesList" time="7.348" classname="APIAutomation.IORestAssuredBuild.likes.GetPontiflex"/>
</testsuite> <!-- APIAutomation.IORestAssuredBuild.likes.GetPontiflex -->
