<?xml version="1.0" encoding="UTF-8"?>
<!-- Generated by org.testng.reporters.JUnitReportReporter -->
<testsuite skipped="0" hostname="LAPTOP-MTFJEHHC" name="APIAutomation.IORestAssuredBuild.likes.GetTattiFavorites" tests="1" failures="0" timestamp="15 May 2018 10:03:22 GMT" time="7.405" errors="0">
  <testcase name="getFavoritesList" time="7.405" classname="APIAutomation.IORestAssuredBuild.likes.GetTattiFavorites"/>
</testsuite> <!-- APIAutomation.IORestAssuredBuild.likes.GetTattiFavorites -->
