<?xml version="1.0" encoding="UTF-8"?>
<!-- Generated by org.testng.reporters.JUnitReportReporter -->
<testsuite skipped="0" hostname="LAPTOP-MTFJEHHC" name="APIAutomation.IORestAssuredBuild.GetTweets" tests="1" failures="0" timestamp="14 Apr 2018 05:43:28 GMT" time="7.709" errors="0">
  <testcase name="getTweets" time="7.709" classname="APIAutomation.IORestAssuredBuild.GetTweets"/>
</testsuite> <!-- APIAutomation.IORestAssuredBuild.GetTweets -->
