<?xml version="1.0" encoding="UTF-8"?>
<!-- Generated by org.testng.reporters.JUnitReportReporter -->
<testsuite hostname="LAPTOP-MTFJEHHC" failures="0" tests="1" name="APIAutomation.IORestAssuredBuild.GetTweets2" time="3.885" errors="0" timestamp="30 Mar 2018 06:40:41 GMT" skipped="0">
  <testcase classname="APIAutomation.IORestAssuredBuild.GetTweets2" name="getTweets" time="3.885"/>
</testsuite> <!-- APIAutomation.IORestAssuredBuild.GetTweets2 -->
