<?xml version="1.0" encoding="UTF-8"?>
<!-- Generated by org.testng.reporters.JUnitReportReporter -->
<testsuite skipped="0" hostname="LAPTOP-MTFJEHHC" name="APIAutomation.IORestAssuredBuild.tweet_timelines.home_timeline.GetHomeTimeline" tests="1" failures="0" timestamp="16 May 2018 06:31:59 GMT" time="2.792" errors="0">
  <testcase name="verifyTweetForUserTimeline" time="2.792" classname="APIAutomation.IORestAssuredBuild.tweet_timelines.home_timeline.GetHomeTimeline"/>
</testsuite> <!-- APIAutomation.IORestAssuredBuild.tweet_timelines.home_timeline.GetHomeTimeline -->
