<?xml version="1.0" encoding="UTF-8"?>
<!-- Generated by org.testng.reporters.JUnitReportReporter -->
<testsuite skipped="0" hostname="LAPTOP-MTFJEHHC" name="APIAutomation.IORestAssuredBuild.tweet_timelines.user_timeline.orig.GetAUserTimeline_DailyVersion_Test" tests="1" failures="0" timestamp="15 Aug 2019 06:00:55 GMT" time="8.561" errors="0">
  <testcase name="verifyTweetForUserTimeline" time="8.561" classname="APIAutomation.IORestAssuredBuild.tweet_timelines.user_timeline.orig.GetAUserTimeline_DailyVersion_Test"/>
</testsuite> <!-- APIAutomation.IORestAssuredBuild.tweet_timelines.user_timeline.orig.GetAUserTimeline_DailyVersion_Test -->
