<?xml version="1.0" encoding="UTF-8"?>
<!-- Generated by org.testng.reporters.JUnitReportReporter -->
<testsuite skipped="0" hostname="LAPTOP-MTFJEHHC" name="APIAutomation.IORestAssuredBuild._GET.GetHomeTimeline" tests="1" failures="0" timestamp="06 May 2018 08:45:35 GMT" time="3.083" errors="0">
  <testcase name="verifyTweetForUserTimeline" time="3.083" classname="APIAutomation.IORestAssuredBuild._GET.GetHomeTimeline"/>
</testsuite> <!-- APIAutomation.IORestAssuredBuild._GET.GetHomeTimeline -->
