<?xml version="1.0" encoding="UTF-8"?>
<!-- Generated by org.testng.reporters.JUnitReportReporter -->
<testsuite skipped="0" hostname="LAPTOP-MTFJEHHC" name="APIAutomation.IORestAssuredBuild.tweet_timelines.user_timeline.GetAUserTimeline" tests="1" failures="0" timestamp="28 Feb 2019 05:33:40 GMT" time="6.673" errors="0">
  <testcase name="verifyTweetForUserTimeline" time="6.673" classname="APIAutomation.IORestAssuredBuild.tweet_timelines.user_timeline.GetAUserTimeline"/>
</testsuite> <!-- APIAutomation.IORestAssuredBuild.tweet_timelines.user_timeline.GetAUserTimeline -->
