<?xml version="1.0" encoding="UTF-8"?>
<!-- Generated by org.testng.reporters.JUnitReportReporter -->
<testsuite skipped="0" hostname="LAPTOP-MTFJEHHC" name="APIAutomation.IORestAssuredBuild.tweet_timelines.user_timeline.GetUserTimeline_Swamiji" tests="1" failures="0" timestamp="17 May 2018 06:04:35 GMT" time="4.871" errors="0">
  <testcase name="verifyTweetForUserTimeline" time="4.871" classname="APIAutomation.IORestAssuredBuild.tweet_timelines.user_timeline.GetUserTimeline_Swamiji"/>
</testsuite> <!-- APIAutomation.IORestAssuredBuild.tweet_timelines.user_timeline.GetUserTimeline_Swamiji -->
