<?xml version="1.0" encoding="UTF-8"?>
<!-- Generated by org.testng.reporters.JUnitReportReporter -->
<testsuite skipped="0" hostname="LAPTOP-MTFJEHHC" name="APIAutomation.IORestAssuredBuild.tweet_timelines.user_timeline.GetUserTimeline_ishmail2015" tests="1" failures="0" timestamp="17 May 2018 06:02:59 GMT" time="4.178" errors="0">
  <testcase name="verifyTweetForUserTimeline" time="4.178" classname="APIAutomation.IORestAssuredBuild.tweet_timelines.user_timeline.GetUserTimeline_ishmail2015"/>
</testsuite> <!-- APIAutomation.IORestAssuredBuild.tweet_timelines.user_timeline.GetUserTimeline_ishmail2015 -->
