<?xml version="1.0" encoding="UTF-8"?>
<!-- Generated by org.testng.reporters.JUnitReportReporter -->
<testsuite skipped="0" hostname="LAPTOP-MTFJEHHC" name="APIAutomation.IORestAssuredBuild.tweet_timelines.user_timeline.orig.GetAUserTimeline_DailyVersion_Test" tests="1" failures="0" timestamp="17 Jul 2019 00:09:18 GMT" time="9.569" errors="0">
  <testcase name="verifyTweetForUserTimeline" time="9.569" classname="APIAutomation.IORestAssuredBuild.tweet_timelines.user_timeline.orig.GetAUserTimeline_DailyVersion_Test"/>
</testsuite> <!-- APIAutomation.IORestAssuredBuild.tweet_timelines.user_timeline.orig.GetAUserTimeline_DailyVersion_Test -->
