<?xml version="1.0" encoding="UTF-8"?>
<!-- Generated by org.testng.reporters.JUnitReportReporter -->
<testsuite skipped="0" hostname="LAPTOP-MTFJEHHC" name="APIAutomation.IORestAssuredBuild.likes.GetFavorites" tests="1" failures="0" timestamp="15 May 2018 07:38:51 GMT" time="4.920" errors="0">
  <testcase name="getFavoritesList" time="4.920" classname="APIAutomation.IORestAssuredBuild.likes.GetFavorites"/>
</testsuite> <!-- APIAutomation.IORestAssuredBuild.likes.GetFavorites -->
