<?xml version="1.0" encoding="UTF-8"?>
<!-- Generated by org.testng.reporters.JUnitReportReporter -->
<testsuite skipped="0" hostname="LAPTOP-MTFJEHHC" name="APIAutomation.IORestAssuredBuild.tweets.home_timeline.GetHomeTimeline" tests="1" failures="0" timestamp="07 May 2018 22:03:33 GMT" time="3.872" errors="0">
  <testcase name="verifyTweetForUserTimeline" time="3.872" classname="APIAutomation.IORestAssuredBuild.tweets.home_timeline.GetHomeTimeline"/>
</testsuite> <!-- APIAutomation.IORestAssuredBuild.tweets.home_timeline.GetHomeTimeline -->
