<?xml version="1.0" encoding="UTF-8"?>
<!-- Generated by org.testng.reporters.JUnitReportReporter -->
<testsuite skipped="0" hostname="LAPTOP-MTFJEHHC" name="APIAutomation.IORestAssuredBuild.likes.GetPontifex" tests="1" failures="0" timestamp="16 May 2018 06:04:56 GMT" time="5.218" errors="0">
  <testcase name="getFavoritesList" time="5.218" classname="APIAutomation.IORestAssuredBuild.likes.GetPontifex"/>
</testsuite> <!-- APIAutomation.IORestAssuredBuild.likes.GetPontifex -->
